<?xml version="1.0" encoding="UTF-8"?>
<coverage generated="1773952710122" clover="3.2.0">
  <project timestamp="1773952710123" name="All files">
    <metrics statements="36" coveredstatements="36" conditionals="25" coveredconditionals="24" methods="8" coveredmethods="8" elements="69" coveredelements="68" complexity="0" loc="36" ncloc="36" packages="1" files="2" classes="2"/>
    <file name="sanitize.js" path="C:\Users\Tung\Documents\work\be\utils\sanitize.js">
      <metrics statements="26" coveredstatements="26" conditionals="23" coveredconditionals="22" methods="5" coveredmethods="5"/>
      <line num="1" count="1" type="stmt"/>
      <line num="2" count="14" type="cond" truecount="2" falsecount="0"/>
      <line num="3" count="3" type="stmt"/>
      <line num="6" count="11" type="stmt"/>
      <line num="12" count="1" type="stmt"/>
      <line num="13" count="8" type="cond" truecount="4" falsecount="0"/>
      <line num="15" count="5" type="stmt"/>
      <line num="18" count="5" type="stmt"/>
      <line num="19" count="7" type="cond" truecount="2" falsecount="0"/>
      <line num="20" count="3" type="stmt"/>
      <line num="21" count="4" type="cond" truecount="2" falsecount="0"/>
      <line num="22" count="1" type="stmt"/>
      <line num="23" count="2" type="cond" truecount="1" falsecount="1"/>
      <line num="25" count="3" type="cond" truecount="4" falsecount="0"/>
      <line num="26" count="1" type="stmt"/>
      <line num="28" count="2" type="stmt"/>
      <line num="32" count="5" type="stmt"/>
      <line num="36" count="1" type="stmt"/>
      <line num="37" count="6" type="cond" truecount="2" falsecount="0"/>
      <line num="38" count="1" type="stmt"/>
      <line num="41" count="5" type="stmt"/>
      <line num="43" count="5" type="stmt"/>
      <line num="44" count="9" type="cond" truecount="5" falsecount="0"/>
      <line num="47" count="7" type="stmt"/>
      <line num="51" count="5" type="stmt"/>
      <line num="54" count="1" type="stmt"/>
    </file>
    <file name="validate.js" path="C:\Users\Tung\Documents\work\be\utils\validate.js">
      <metrics statements="10" coveredstatements="10" conditionals="2" coveredconditionals="2" methods="3" coveredmethods="3"/>
      <line num="1" count="1" type="stmt"/>
      <line num="3" count="2" type="stmt"/>
      <line num="4" count="2" type="stmt"/>
      <line num="5" count="2" type="cond" truecount="2" falsecount="0"/>
      <line num="6" count="2" type="stmt"/>
      <line num="7" count="1" type="stmt"/>
      <line num="9" count="1" type="stmt"/>
      <line num="12" count="1" type="stmt"/>
      <line num="26" count="1" type="stmt"/>
      <line num="39" count="1" type="stmt"/>
    </file>
  </project>
</coverage>
