{"C:\\Users\\Tung\\Documents\\work\\be\\config\\db.js": {"path":"C:\\Users\\Tung\\Documents\\work\\be\\config\\db.js","statementMap":{"0":{"start":{"line":1,"column":17},"end":{"line":1,"column":30}},"1":{"start":{"line":2,"column":17},"end":{"line":2,"column":30}},"2":{"start":{"line":4,"column":13},"end":{"line":10,"column":2}},"3":{"start":{"line":12,"column":0},"end":{"line":12,"column":22}}},"fnMap":{},"branchMap":{},"s":{"0":1,"1":1,"2":1,"3":1},"f":{},"b":{},"_coverageSchema":"1a1c01bbd47fc00a2c39e90264f33305004495a9","hash":"da3920cc1403f207e493e35433b451ffd85f2a8d"}
,"C:\\Users\\Tung\\Documents\\work\\be\\config\\index.js": {"path":"C:\\Users\\Tung\\Documents\\work\\be\\config\\index.js","statementMap":{"0":{"start":{"line":1,"column":0},"end":{"line":1,"column":27}},"1":{"start":{"line":3,"column":0},"end":{"line":19,"column":2}}},"fnMap":{},"branchMap":{"0":{"loc":{"start":{"line":4,"column":20},"end":{"line":4,"column":56}},"type":"binary-expr","locations":[{"start":{"line":4,"column":20},"end":{"line":4,"column":36}},{"start":{"line":4,"column":52},"end":{"line":4,"column":56}}],"line":4},"1":{"loc":{"start":{"line":5,"column":20},"end":{"line":5,"column":65}},"type":"binary-expr","locations":[{"start":{"line":5,"column":20},"end":{"line":5,"column":40}},{"start":{"line":5,"column":52},"end":{"line":5,"column":65}}],"line":5},"2":{"loc":{"start":{"line":7,"column":20},"end":{"line":7,"column":63}},"type":"binary-expr","locations":[{"start":{"line":7,"column":20},"end":{"line":7,"column":39}},{"start":{"line":7,"column":52},"end":{"line":7,"column":63}}],"line":7},"3":{"loc":{"start":{"line":8,"column":20},"end":{"line":8,"column":56}},"type":"binary-expr","locations":[{"start":{"line":8,"column":20},"end":{"line":8,"column":39}},{"start":{"line":8,"column":52},"end":{"line":8,"column":56}}],"line":8},"4":{"loc":{"start":{"line":16,"column":20},"end":{"line":16,"column":58}},"type":"binary-expr","locations":[{"start":{"line":16,"column":20},"end":{"line":16,"column":49}},{"start":{"line":16,"column":53},"end":{"line":16,"column":58}}],"line":16},"5":{"loc":{"start":{"line":17,"column":20},"end":{"line":17,"column":58}},"type":"binary-expr","locations":[{"start":{"line":17,"column":20},"end":{"line":17,"column":50}},{"start":{"line":17,"column":54},"end":{"line":17,"column":58}}],"line":17}},"s":{"0":2,"1":2},"f":{},"b":{"0":[2,2],"1":[2,0],"2":[2,0],"3":[2,0],"4":[2,0],"5":[2,0]},"_coverageSchema":"1a1c01bbd47fc00a2c39e90264f33305004495a9","hash":"a810f99e821fe5e82abcca73c928429482c60718"}
,"C:\\Users\\Tung\\Documents\\work\\be\\src\\app.js": {"path":"C:\\Users\\Tung\\Documents\\work\\be\\src\\app.js","statementMap":{"0":{"start":{"line":1,"column":23},"end":{"line":1,"column":41}},"1":{"start":{"line":2,"column":23},"end":{"line":2,"column":38}},"2":{"start":{"line":3,"column":23},"end":{"line":3,"column":38}},"3":{"start":{"line":4,"column":23},"end":{"line":4,"column":40}},"4":{"start":{"line":5,"column":23},"end":{"line":5,"column":56}},"5":{"start":{"line":6,"column":27},"end":{"line":6,"column":62}},"6":{"start":{"line":7,"column":35},"end":{"line":7,"column":62}},"7":{"start":{"line":8,"column":23},"end":{"line":8,"column":59}},"8":{"start":{"line":10,"column":23},"end":{"line":10,"column":47}},"9":{"start":{"line":11,"column":23},"end":{"line":11,"column":47}},"10":{"start":{"line":12,"column":23},"end":{"line":12,"column":55}},"11":{"start":{"line":13,"column":23},"end":{"line":13,"column":51}},"12":{"start":{"line":14,"column":23},"end":{"line":14,"column":45}},"13":{"start":{"line":15,"column":23},"end":{"line":15,"column":50}},"14":{"start":{"line":17,"column":12},"end":{"line":17,"column":21}},"15":{"start":{"line":19,"column":0},"end":{"line":19,"column":18}},"16":{"start":{"line":20,"column":0},"end":{"line":20,"column":16}},"17":{"start":{"line":21,"column":0},"end":{"line":21,"column":60}},"18":{"start":{"line":22,"column":0},"end":{"line":22,"column":24}},"19":{"start":{"line":23,"column":0},"end":{"line":26,"column":3}},"20":{"start":{"line":24,"column":2},"end":{"line":24,"column":44}},"21":{"start":{"line":25,"column":2},"end":{"line":25,"column":9}},"22":{"start":{"line":27,"column":0},"end":{"line":27,"column":20}},"23":{"start":{"line":28,"column":0},"end":{"line":28,"column":24}},"24":{"start":{"line":30,"column":0},"end":{"line":30,"column":37}},"25":{"start":{"line":31,"column":0},"end":{"line":31,"column":40}},"26":{"start":{"line":32,"column":0},"end":{"line":32,"column":36}},"27":{"start":{"line":33,"column":0},"end":{"line":33,"column":36}},"28":{"start":{"line":34,"column":0},"end":{"line":34,"column":40}},"29":{"start":{"line":35,"column":0},"end":{"line":35,"column":35}},"30":{"start":{"line":37,"column":0},"end":{"line":37,"column":22}},"31":{"start":{"line":39,"column":0},"end":{"line":39,"column":21}}},"fnMap":{"0":{"name":"(anonymous_0)","decl":{"start":{"line":23,"column":8},"end":{"line":23,"column":9}},"loc":{"start":{"line":23,"column":28},"end":{"line":26,"column":1}},"line":23}},"branchMap":{},"s":{"0":1,"1":1,"2":1,"3":1,"4":1,"5":1,"6":1,"7":1,"8":1,"9":1,"10":1,"11":1,"12":1,"13":1,"14":1,"15":1,"16":1,"17":1,"18":1,"19":1,"20":45,"21":0,"22":1,"23":1,"24":1,"25":1,"26":1,"27":1,"28":1,"29":1,"30":1,"31":1},"f":{"0":45},"b":{},"_coverageSchema":"1a1c01bbd47fc00a2c39e90264f33305004495a9","hash":"51969a88d4fa9949af5da633330396d9560f2977"}
,"C:\\Users\\Tung\\Documents\\work\\be\\src\\middleware\\auth.js": {"path":"C:\\Users\\Tung\\Documents\\work\\be\\src\\middleware\\auth.js","statementMap":{"0":{"start":{"line":2,"column":12},"end":{"line":2,"column":35}},"1":{"start":{"line":3,"column":27},"end":{"line":3,"column":56}},"2":{"start":{"line":4,"column":20},"end":{"line":4,"column":56}},"3":{"start":{"line":6,"column":0},"end":{"line":43,"column":2}},"4":{"start":{"line":7,"column":21},"end":{"line":7,"column":49}},"5":{"start":{"line":9,"column":2},"end":{"line":11,"column":3}},"6":{"start":{"line":10,"column":4},"end":{"line":10,"column":66}},"7":{"start":{"line":13,"column":2},"end":{"line":15,"column":3}},"8":{"start":{"line":14,"column":4},"end":{"line":14,"column":62}},"9":{"start":{"line":17,"column":2},"end":{"line":42,"column":3}},"10":{"start":{"line":18,"column":18},"end":{"line":18,"column":39}},"11":{"start":{"line":19,"column":4},"end":{"line":21,"column":5}},"12":{"start":{"line":20,"column":6},"end":{"line":20,"column":64}},"13":{"start":{"line":23,"column":20},"end":{"line":23,"column":28}},"14":{"start":{"line":24,"column":20},"end":{"line":24,"column":55}},"15":{"start":{"line":26,"column":4},"end":{"line":28,"column":5}},"16":{"start":{"line":27,"column":6},"end":{"line":27,"column":64}},"17":{"start":{"line":30,"column":4},"end":{"line":32,"column":5}},"18":{"start":{"line":31,"column":6},"end":{"line":31,"column":64}},"19":{"start":{"line":34,"column":4},"end":{"line":36,"column":5}},"20":{"start":{"line":35,"column":6},"end":{"line":35,"column":64}},"21":{"start":{"line":38,"column":4},"end":{"line":38,"column":23}},"22":{"start":{"line":39,"column":4},"end":{"line":39,"column":11}},"23":{"start":{"line":41,"column":4},"end":{"line":41,"column":55}}},"fnMap":{"0":{"name":"(anonymous_0)","decl":{"start":{"line":6,"column":17},"end":{"line":6,"column":18}},"loc":{"start":{"line":6,"column":37},"end":{"line":43,"column":1}},"line":6}},"branchMap":{"0":{"loc":{"start":{"line":9,"column":2},"end":{"line":11,"column":3}},"type":"if","locations":[{"start":{"line":9,"column":2},"end":{"line":11,"column":3}},{"start":{},"end":{}}],"line":9},"1":{"loc":{"start":{"line":13,"column":2},"end":{"line":15,"column":3}},"type":"if","locations":[{"start":{"line":13,"column":2},"end":{"line":15,"column":3}},{"start":{},"end":{}}],"line":13},"2":{"loc":{"start":{"line":13,"column":6},"end":{"line":13,"column":58}},"type":"binary-expr","locations":[{"start":{"line":13,"column":6},"end":{"line":13,"column":36}},{"start":{"line":13,"column":40},"end":{"line":13,"column":58}}],"line":13},"3":{"loc":{"start":{"line":19,"column":4},"end":{"line":21,"column":5}},"type":"if","locations":[{"start":{"line":19,"column":4},"end":{"line":21,"column":5}},{"start":{},"end":{}}],"line":19},"4":{"loc":{"start":{"line":19,"column":8},"end":{"line":19,"column":71}},"type":"binary-expr","locations":[{"start":{"line":19,"column":8},"end":{"line":19,"column":26}},{"start":{"line":19,"column":30},"end":{"line":19,"column":51}},{"start":{"line":19,"column":55},"end":{"line":19,"column":71}}],"line":19},"5":{"loc":{"start":{"line":26,"column":4},"end":{"line":28,"column":5}},"type":"if","locations":[{"start":{"line":26,"column":4},"end":{"line":28,"column":5}},{"start":{},"end":{}}],"line":26},"6":{"loc":{"start":{"line":26,"column":8},"end":{"line":26,"column":73}},"type":"binary-expr","locations":[{"start":{"line":26,"column":8},"end":{"line":26,"column":16}},{"start":{"line":26,"column":20},"end":{"line":26,"column":47}},{"start":{"line":26,"column":51},"end":{"line":26,"column":73}}],"line":26},"7":{"loc":{"start":{"line":30,"column":4},"end":{"line":32,"column":5}},"type":"if","locations":[{"start":{"line":30,"column":4},"end":{"line":32,"column":5}},{"start":{},"end":{}}],"line":30},"8":{"loc":{"start":{"line":30,"column":8},"end":{"line":30,"column":72}},"type":"binary-expr","locations":[{"start":{"line":30,"column":8},"end":{"line":30,"column":19}},{"start":{"line":30,"column":23},"end":{"line":30,"column":53}},{"start":{"line":30,"column":57},"end":{"line":30,"column":72}}],"line":30},"9":{"loc":{"start":{"line":34,"column":4},"end":{"line":36,"column":5}},"type":"if","locations":[{"start":{"line":34,"column":4},"end":{"line":36,"column":5}},{"start":{},"end":{}}],"line":34},"10":{"loc":{"start":{"line":34,"column":8},"end":{"line":34,"column":96}},"type":"binary-expr","locations":[{"start":{"line":34,"column":8},"end":{"line":34,"column":21}},{"start":{"line":34,"column":25},"end":{"line":34,"column":57}},{"start":{"line":34,"column":61},"end":{"line":34,"column":96}}],"line":34}},"s":{"0":2,"1":2,"2":2,"3":2,"4":9,"5":9,"6":1,"7":8,"8":1,"9":7,"10":7,"11":7,"12":4,"13":3,"14":3,"15":0,"16":0,"17":0,"18":0,"19":0,"20":0,"21":0,"22":0,"23":3},"f":{"0":9},"b":{"0":[1,8],"1":[1,7],"2":[8,7],"3":[4,3],"4":[7,4,4],"5":[0,0],"6":[0,0,0],"7":[0,0],"8":[0,0,0],"9":[0,0],"10":[0,0,0]},"_coverageSchema":"1a1c01bbd47fc00a2c39e90264f33305004495a9","hash":"204d5dd49603a91d3787db7c8b0a4e1fc76449f6"}
,"C:\\Users\\Tung\\Documents\\work\\be\\src\\middleware\\errorHandler.js": {"path":"C:\\Users\\Tung\\Documents\\work\\be\\src\\middleware\\errorHandler.js","statementMap":{"0":{"start":{"line":1,"column":15},"end":{"line":1,"column":45}},"1":{"start":{"line":3,"column":21},"end":{"line":21,"column":1}},"2":{"start":{"line":4,"column":2},"end":{"line":4,"column":64}},"3":{"start":{"line":7,"column":2},"end":{"line":14,"column":3}},"4":{"start":{"line":8,"column":4},"end":{"line":13,"column":7}},"5":{"start":{"line":17,"column":2},"end":{"line":20,"column":5}},"6":{"start":{"line":23,"column":0},"end":{"line":23,"column":30}}},"fnMap":{"0":{"name":"(anonymous_0)","decl":{"start":{"line":3,"column":21},"end":{"line":3,"column":22}},"loc":{"start":{"line":3,"column":46},"end":{"line":21,"column":1}},"line":3}},"branchMap":{"0":{"loc":{"start":{"line":7,"column":2},"end":{"line":14,"column":3}},"type":"if","locations":[{"start":{"line":7,"column":2},"end":{"line":14,"column":3}},{"start":{},"end":{}}],"line":7},"1":{"loc":{"start":{"line":8,"column":22},"end":{"line":8,"column":39}},"type":"binary-expr","locations":[{"start":{"line":8,"column":22},"end":{"line":8,"column":32}},{"start":{"line":8,"column":36},"end":{"line":8,"column":39}}],"line":8},"2":{"loc":{"start":{"line":17,"column":20},"end":{"line":17,"column":37}},"type":"binary-expr","locations":[{"start":{"line":17,"column":20},"end":{"line":17,"column":30}},{"start":{"line":17,"column":34},"end":{"line":17,"column":37}}],"line":17}},"s":{"0":1,"1":1,"2":45,"3":45,"4":0,"5":45,"6":1},"f":{"0":45},"b":{"0":[0,45],"1":[0,0],"2":[45,45]},"_coverageSchema":"1a1c01bbd47fc00a2c39e90264f33305004495a9","hash":"eba6eebbcd12c811a3c52cab80750f00b09aa54a"}
,"C:\\Users\\Tung\\Documents\\work\\be\\src\\middleware\\rateLimiter.js": {"path":"C:\\Users\\Tung\\Documents\\work\\be\\src\\middleware\\rateLimiter.js","statementMap":{"0":{"start":{"line":1,"column":18},"end":{"line":1,"column":47}},"1":{"start":{"line":3,"column":23},"end":{"line":7,"column":2}},"2":{"start":{"line":10,"column":20},"end":{"line":14,"column":2}},"3":{"start":{"line":16,"column":0},"end":{"line":16,"column":49}}},"fnMap":{},"branchMap":{},"s":{"0":1,"1":1,"2":1,"3":1},"f":{},"b":{},"_coverageSchema":"1a1c01bbd47fc00a2c39e90264f33305004495a9","hash":"e7ad100991128f4c9223dd3b917537b1bf17fdc6"}
,"C:\\Users\\Tung\\Documents\\work\\be\\src\\middleware\\uploadCV.js": {"path":"C:\\Users\\Tung\\Documents\\work\\be\\src\\middleware\\uploadCV.js","statementMap":{"0":{"start":{"line":1,"column":15},"end":{"line":1,"column":32}},"1":{"start":{"line":2,"column":13},"end":{"line":2,"column":28}},"2":{"start":{"line":4,"column":16},"end":{"line":13,"column":2}},"3":{"start":{"line":6,"column":4},"end":{"line":6,"column":29}},"4":{"start":{"line":10,"column":23},"end":{"line":10,"column":73}},"5":{"start":{"line":11,"column":4},"end":{"line":11,"column":59}},"6":{"start":{"line":15,"column":19},"end":{"line":25,"column":1}},"7":{"start":{"line":16,"column":18},"end":{"line":18,"column":93}},"8":{"start":{"line":20,"column":2},"end":{"line":24,"column":3}},"9":{"start":{"line":21,"column":4},"end":{"line":21,"column":19}},"10":{"start":{"line":23,"column":4},"end":{"line":23,"column":54}},"11":{"start":{"line":27,"column":0},"end":{"line":31,"column":3}}},"fnMap":{"0":{"name":"(anonymous_0)","decl":{"start":{"line":5,"column":15},"end":{"line":5,"column":16}},"loc":{"start":{"line":5,"column":40},"end":{"line":7,"column":3}},"line":5},"1":{"name":"(anonymous_1)","decl":{"start":{"line":9,"column":12},"end":{"line":9,"column":13}},"loc":{"start":{"line":9,"column":37},"end":{"line":12,"column":3}},"line":9},"2":{"name":"(anonymous_2)","decl":{"start":{"line":15,"column":19},"end":{"line":15,"column":20}},"loc":{"start":{"line":15,"column":38},"end":{"line":25,"column":1}},"line":15}},"branchMap":{"0":{"loc":{"start":{"line":20,"column":2},"end":{"line":24,"column":3}},"type":"if","locations":[{"start":{"line":20,"column":2},"end":{"line":24,"column":3}},{"start":{"line":22,"column":9},"end":{"line":24,"column":3}}],"line":20}},"s":{"0":1,"1":1,"2":1,"3":0,"4":0,"5":0,"6":1,"7":0,"8":0,"9":0,"10":0,"11":1},"f":{"0":0,"1":0,"2":0},"b":{"0":[0,0]},"_coverageSchema":"1a1c01bbd47fc00a2c39e90264f33305004495a9","hash":"1d50864c213602a27a2315f60c4b3d3b15eb1649"}
,"C:\\Users\\Tung\\Documents\\work\\be\\src\\middleware\\uploadLogo.js": {"path":"C:\\Users\\Tung\\Documents\\work\\be\\src\\middleware\\uploadLogo.js","statementMap":{"0":{"start":{"line":1,"column":15},"end":{"line":1,"column":32}},"1":{"start":{"line":2,"column":13},"end":{"line":2,"column":28}},"2":{"start":{"line":4,"column":16},"end":{"line":12,"column":2}},"3":{"start":{"line":6,"column":4},"end":{"line":6,"column":31}},"4":{"start":{"line":9,"column":23},"end":{"line":9,"column":73}},"5":{"start":{"line":10,"column":4},"end":{"line":10,"column":59}},"6":{"start":{"line":14,"column":19},"end":{"line":22,"column":1}},"7":{"start":{"line":15,"column":18},"end":{"line":15,"column":72}},"8":{"start":{"line":17,"column":2},"end":{"line":21,"column":3}},"9":{"start":{"line":18,"column":4},"end":{"line":18,"column":19}},"10":{"start":{"line":20,"column":4},"end":{"line":20,"column":54}},"11":{"start":{"line":24,"column":0},"end":{"line":28,"column":3}}},"fnMap":{"0":{"name":"(anonymous_0)","decl":{"start":{"line":5,"column":15},"end":{"line":5,"column":16}},"loc":{"start":{"line":5,"column":40},"end":{"line":7,"column":3}},"line":5},"1":{"name":"(anonymous_1)","decl":{"start":{"line":8,"column":12},"end":{"line":8,"column":13}},"loc":{"start":{"line":8,"column":37},"end":{"line":11,"column":3}},"line":8},"2":{"name":"(anonymous_2)","decl":{"start":{"line":14,"column":19},"end":{"line":14,"column":20}},"loc":{"start":{"line":14,"column":38},"end":{"line":22,"column":1}},"line":14}},"branchMap":{"0":{"loc":{"start":{"line":17,"column":2},"end":{"line":21,"column":3}},"type":"if","locations":[{"start":{"line":17,"column":2},"end":{"line":21,"column":3}},{"start":{"line":19,"column":9},"end":{"line":21,"column":3}}],"line":17}},"s":{"0":1,"1":1,"2":1,"3":0,"4":0,"5":0,"6":1,"7":0,"8":0,"9":0,"10":0,"11":1},"f":{"0":0,"1":0,"2":0},"b":{"0":[0,0]},"_coverageSchema":"1a1c01bbd47fc00a2c39e90264f33305004495a9","hash":"57e826a6e93d1bc4788fcf97e0b28334a93ee117"}
,"C:\\Users\\Tung\\Documents\\work\\be\\src\\middleware\\uploadVerification.js": {"path":"C:\\Users\\Tung\\Documents\\work\\be\\src\\middleware\\uploadVerification.js","statementMap":{"0":{"start":{"line":1,"column":15},"end":{"line":1,"column":32}},"1":{"start":{"line":2,"column":13},"end":{"line":2,"column":28}},"2":{"start":{"line":4,"column":16},"end":{"line":13,"column":2}},"3":{"start":{"line":6,"column":4},"end":{"line":6,"column":43}},"4":{"start":{"line":10,"column":23},"end":{"line":10,"column":71}},"5":{"start":{"line":11,"column":4},"end":{"line":11,"column":59}},"6":{"start":{"line":15,"column":19},"end":{"line":28,"column":1}},"7":{"start":{"line":16,"column":18},"end":{"line":21,"column":3}},"8":{"start":{"line":23,"column":2},"end":{"line":27,"column":3}},"9":{"start":{"line":24,"column":4},"end":{"line":24,"column":19}},"10":{"start":{"line":26,"column":4},"end":{"line":26,"column":53}},"11":{"start":{"line":30,"column":0},"end":{"line":34,"column":3}}},"fnMap":{"0":{"name":"(anonymous_0)","decl":{"start":{"line":5,"column":15},"end":{"line":5,"column":16}},"loc":{"start":{"line":5,"column":40},"end":{"line":7,"column":3}},"line":5},"1":{"name":"(anonymous_1)","decl":{"start":{"line":9,"column":12},"end":{"line":9,"column":13}},"loc":{"start":{"line":9,"column":37},"end":{"line":12,"column":3}},"line":9},"2":{"name":"(anonymous_2)","decl":{"start":{"line":15,"column":19},"end":{"line":15,"column":20}},"loc":{"start":{"line":15,"column":38},"end":{"line":28,"column":1}},"line":15}},"branchMap":{"0":{"loc":{"start":{"line":23,"column":2},"end":{"line":27,"column":3}},"type":"if","locations":[{"start":{"line":23,"column":2},"end":{"line":27,"column":3}},{"start":{"line":25,"column":9},"end":{"line":27,"column":3}}],"line":23}},"s":{"0":1,"1":1,"2":1,"3":0,"4":0,"5":0,"6":1,"7":0,"8":0,"9":0,"10":0,"11":1},"f":{"0":0,"1":0,"2":0},"b":{"0":[0,0]},"_coverageSchema":"1a1c01bbd47fc00a2c39e90264f33305004495a9","hash":"597b9f8023b9b7e8172e194578b4b2df9d731806"}
,"C:\\Users\\Tung\\Documents\\work\\be\\src\\routes\\applications.js": {"path":"C:\\Users\\Tung\\Documents\\work\\be\\src\\routes\\applications.js","statementMap":{"0":{"start":{"line":1,"column":16},"end":{"line":1,"column":34}},"1":{"start":{"line":2,"column":13},"end":{"line":2,"column":39}},"2":{"start":{"line":3,"column":13},"end":{"line":3,"column":42}},"3":{"start":{"line":4,"column":15},"end":{"line":4,"column":31}},"4":{"start":{"line":7,"column":0},"end":{"line":51,"column":3}},"5":{"start":{"line":8,"column":2},"end":{"line":50,"column":3}},"6":{"start":{"line":9,"column":30},"end":{"line":9,"column":38}},"7":{"start":{"line":12,"column":4},"end":{"line":14,"column":5}},"8":{"start":{"line":13,"column":6},"end":{"line":13,"column":77}},"9":{"start":{"line":16,"column":20},"end":{"line":20,"column":5}},"10":{"start":{"line":22,"column":4},"end":{"line":24,"column":5}},"11":{"start":{"line":23,"column":6},"end":{"line":23,"column":61}},"12":{"start":{"line":26,"column":15},"end":{"line":26,"column":30}},"13":{"start":{"line":29,"column":21},"end":{"line":33,"column":5}},"14":{"start":{"line":35,"column":4},"end":{"line":37,"column":5}},"15":{"start":{"line":36,"column":6},"end":{"line":36,"column":66}},"16":{"start":{"line":39,"column":19},"end":{"line":44,"column":5}},"17":{"start":{"line":46,"column":4},"end":{"line":46,"column":29}},"18":{"start":{"line":48,"column":4},"end":{"line":48,"column":23}},"19":{"start":{"line":49,"column":4},"end":{"line":49,"column":54}},"20":{"start":{"line":54,"column":0},"end":{"line":85,"column":3}},"21":{"start":{"line":55,"column":2},"end":{"line":84,"column":3}},"22":{"start":{"line":56,"column":4},"end":{"line":58,"column":5}},"23":{"start":{"line":57,"column":6},"end":{"line":57,"column":60}},"24":{"start":{"line":60,"column":19},"end":{"line":78,"column":5}},"25":{"start":{"line":80,"column":4},"end":{"line":80,"column":26}},"26":{"start":{"line":83,"column":4},"end":{"line":83,"column":54}},"27":{"start":{"line":88,"column":0},"end":{"line":128,"column":3}},"28":{"start":{"line":89,"column":2},"end":{"line":127,"column":3}},"29":{"start":{"line":90,"column":4},"end":{"line":92,"column":5}},"30":{"start":{"line":91,"column":6},"end":{"line":91,"column":60}},"31":{"start":{"line":94,"column":22},"end":{"line":94,"column":32}},"32":{"start":{"line":96,"column":21},"end":{"line":99,"column":5}},"33":{"start":{"line":101,"column":4},"end":{"line":103,"column":5}},"34":{"start":{"line":102,"column":6},"end":{"line":102,"column":64}},"35":{"start":{"line":105,"column":4},"end":{"line":107,"column":5}},"36":{"start":{"line":106,"column":6},"end":{"line":106,"column":63}},"37":{"start":{"line":109,"column":19},"end":{"line":121,"column":5}},"38":{"start":{"line":123,"column":4},"end":{"line":123,"column":26}},"39":{"start":{"line":125,"column":4},"end":{"line":125,"column":23}},"40":{"start":{"line":126,"column":4},"end":{"line":126,"column":54}},"41":{"start":{"line":131,"column":0},"end":{"line":158,"column":3}},"42":{"start":{"line":132,"column":2},"end":{"line":157,"column":3}},"43":{"start":{"line":133,"column":4},"end":{"line":135,"column":5}},"44":{"start":{"line":134,"column":6},"end":{"line":134,"column":60}},"45":{"start":{"line":137,"column":19},"end":{"line":137,"column":29}},"46":{"start":{"line":138,"column":23},"end":{"line":138,"column":31}},"47":{"start":{"line":140,"column":19},"end":{"line":147,"column":5}},"48":{"start":{"line":149,"column":4},"end":{"line":151,"column":5}},"49":{"start":{"line":150,"column":6},"end":{"line":150,"column":72}},"50":{"start":{"line":153,"column":4},"end":{"line":153,"column":29}},"51":{"start":{"line":156,"column":4},"end":{"line":156,"column":54}},"52":{"start":{"line":160,"column":0},"end":{"line":160,"column":24}}},"fnMap":{"0":{"name":"(anonymous_0)","decl":{"start":{"line":7,"column":23},"end":{"line":7,"column":24}},"loc":{"start":{"line":7,"column":43},"end":{"line":51,"column":1}},"line":7},"1":{"name":"(anonymous_1)","decl":{"start":{"line":54,"column":24},"end":{"line":54,"column":25}},"loc":{"start":{"line":54,"column":44},"end":{"line":85,"column":1}},"line":54},"2":{"name":"(anonymous_2)","decl":{"start":{"line":88,"column":32},"end":{"line":88,"column":33}},"loc":{"start":{"line":88,"column":52},"end":{"line":128,"column":1}},"line":88},"3":{"name":"(anonymous_3)","decl":{"start":{"line":131,"column":32},"end":{"line":131,"column":33}},"loc":{"start":{"line":131,"column":52},"end":{"line":158,"column":1}},"line":131}},"branchMap":{"0":{"loc":{"start":{"line":12,"column":4},"end":{"line":14,"column":5}},"type":"if","locations":[{"start":{"line":12,"column":4},"end":{"line":14,"column":5}},{"start":{},"end":{}}],"line":12},"1":{"loc":{"start":{"line":22,"column":4},"end":{"line":24,"column":5}},"type":"if","locations":[{"start":{"line":22,"column":4},"end":{"line":24,"column":5}},{"start":{},"end":{}}],"line":22},"2":{"loc":{"start":{"line":35,"column":4},"end":{"line":37,"column":5}},"type":"if","locations":[{"start":{"line":35,"column":4},"end":{"line":37,"column":5}},{"start":{},"end":{}}],"line":35},"3":{"loc":{"start":{"line":56,"column":4},"end":{"line":58,"column":5}},"type":"if","locations":[{"start":{"line":56,"column":4},"end":{"line":58,"column":5}},{"start":{},"end":{}}],"line":56},"4":{"loc":{"start":{"line":90,"column":4},"end":{"line":92,"column":5}},"type":"if","locations":[{"start":{"line":90,"column":4},"end":{"line":92,"column":5}},{"start":{},"end":{}}],"line":90},"5":{"loc":{"start":{"line":101,"column":4},"end":{"line":103,"column":5}},"type":"if","locations":[{"start":{"line":101,"column":4},"end":{"line":103,"column":5}},{"start":{},"end":{}}],"line":101},"6":{"loc":{"start":{"line":105,"column":4},"end":{"line":107,"column":5}},"type":"if","locations":[{"start":{"line":105,"column":4},"end":{"line":107,"column":5}},{"start":{},"end":{}}],"line":105},"7":{"loc":{"start":{"line":133,"column":4},"end":{"line":135,"column":5}},"type":"if","locations":[{"start":{"line":133,"column":4},"end":{"line":135,"column":5}},{"start":{},"end":{}}],"line":133},"8":{"loc":{"start":{"line":149,"column":4},"end":{"line":151,"column":5}},"type":"if","locations":[{"start":{"line":149,"column":4},"end":{"line":151,"column":5}},{"start":{},"end":{}}],"line":149}},"s":{"0":1,"1":1,"2":1,"3":1,"4":1,"5":0,"6":0,"7":0,"8":0,"9":0,"10":0,"11":0,"12":0,"13":0,"14":0,"15":0,"16":0,"17":0,"18":0,"19":0,"20":1,"21":0,"22":0,"23":0,"24":0,"25":0,"26":0,"27":1,"28":0,"29":0,"30":0,"31":0,"32":0,"33":0,"34":0,"35":0,"36":0,"37":0,"38":0,"39":0,"40":0,"41":1,"42":0,"43":0,"44":0,"45":0,"46":0,"47":0,"48":0,"49":0,"50":0,"51":0,"52":1},"f":{"0":0,"1":0,"2":0,"3":0},"b":{"0":[0,0],"1":[0,0],"2":[0,0],"3":[0,0],"4":[0,0],"5":[0,0],"6":[0,0],"7":[0,0],"8":[0,0]},"_coverageSchema":"1a1c01bbd47fc00a2c39e90264f33305004495a9","hash":"97fcfba7e5e56926f0e3f62274056777a7bdb120"}
,"C:\\Users\\Tung\\Documents\\work\\be\\src\\routes\\auth.js": {"path":"C:\\Users\\Tung\\Documents\\work\\be\\src\\routes\\auth.js","statementMap":{"0":{"start":{"line":1,"column":16},"end":{"line":1,"column":34}},"1":{"start":{"line":2,"column":15},"end":{"line":2,"column":32}},"2":{"start":{"line":3,"column":15},"end":{"line":3,"column":32}},"3":{"start":{"line":4,"column":12},"end":{"line":4,"column":35}},"4":{"start":{"line":6,"column":27},"end":{"line":6,"column":56}},"5":{"start":{"line":7,"column":13},"end":{"line":7,"column":39}},"6":{"start":{"line":8,"column":30},"end":{"line":8,"column":58}},"7":{"start":{"line":9,"column":19},"end":{"line":9,"column":49}},"8":{"start":{"line":10,"column":31},"end":{"line":10,"column":54}},"9":{"start":{"line":11,"column":14},"end":{"line":11,"column":50}},"10":{"start":{"line":13,"column":15},"end":{"line":13,"column":31}},"11":{"start":{"line":32,"column":0},"end":{"line":83,"column":3}},"12":{"start":{"line":35,"column":2},"end":{"line":82,"column":3}},"13":{"start":{"line":36,"column":4},"end":{"line":36,"column":34}},"14":{"start":{"line":37,"column":4},"end":{"line":37,"column":32}},"15":{"start":{"line":38,"column":38},"end":{"line":38,"column":46}},"16":{"start":{"line":41,"column":21},"end":{"line":44,"column":5}},"17":{"start":{"line":46,"column":4},"end":{"line":50,"column":5}},"18":{"start":{"line":47,"column":6},"end":{"line":49,"column":9}},"19":{"start":{"line":52,"column":17},"end":{"line":52,"column":48}},"20":{"start":{"line":53,"column":19},"end":{"line":56,"column":5}},"21":{"start":{"line":57,"column":19},"end":{"line":57,"column":36}},"22":{"start":{"line":59,"column":4},"end":{"line":71,"column":5}},"23":{"start":{"line":60,"column":6},"end":{"line":64,"column":8}},"24":{"start":{"line":65,"column":11},"end":{"line":71,"column":5}},"25":{"start":{"line":66,"column":6},"end":{"line":70,"column":8}},"26":{"start":{"line":73,"column":4},"end":{"line":73,"column":33}},"27":{"start":{"line":75,"column":4},"end":{"line":75,"column":41}},"28":{"start":{"line":77,"column":4},"end":{"line":77,"column":47}},"29":{"start":{"line":77,"column":16},"end":{"line":77,"column":47}},"30":{"start":{"line":78,"column":4},"end":{"line":78,"column":28}},"31":{"start":{"line":79,"column":4},"end":{"line":79,"column":14}},"32":{"start":{"line":81,"column":4},"end":{"line":81,"column":33}},"33":{"start":{"line":81,"column":16},"end":{"line":81,"column":33}},"34":{"start":{"line":96,"column":0},"end":{"line":148,"column":3}},"35":{"start":{"line":97,"column":2},"end":{"line":147,"column":3}},"36":{"start":{"line":98,"column":32},"end":{"line":98,"column":40}},"37":{"start":{"line":100,"column":19},"end":{"line":103,"column":5}},"38":{"start":{"line":105,"column":17},"end":{"line":105,"column":31}},"39":{"start":{"line":107,"column":4},"end":{"line":109,"column":5}},"40":{"start":{"line":108,"column":6},"end":{"line":108,"column":68}},"41":{"start":{"line":111,"column":18},"end":{"line":111,"column":68}},"42":{"start":{"line":113,"column":4},"end":{"line":115,"column":5}},"43":{"start":{"line":114,"column":6},"end":{"line":114,"column":68}},"44":{"start":{"line":117,"column":24},"end":{"line":122,"column":5}},"45":{"start":{"line":124,"column":25},"end":{"line":128,"column":5}},"46":{"start":{"line":130,"column":29},"end":{"line":130,"column":91}},"47":{"start":{"line":132,"column":4},"end":{"line":136,"column":6}},"48":{"start":{"line":138,"column":4},"end":{"line":143,"column":7}},"49":{"start":{"line":145,"column":4},"end":{"line":145,"column":28}},"50":{"start":{"line":146,"column":4},"end":{"line":146,"column":13}},"51":{"start":{"line":157,"column":0},"end":{"line":211,"column":3}},"52":{"start":{"line":158,"column":2},"end":{"line":210,"column":3}},"53":{"start":{"line":159,"column":30},"end":{"line":159,"column":38}},"54":{"start":{"line":161,"column":4},"end":{"line":163,"column":5}},"55":{"start":{"line":162,"column":6},"end":{"line":162,"column":74}},"56":{"start":{"line":167,"column":4},"end":{"line":171,"column":5}},"57":{"start":{"line":168,"column":6},"end":{"line":168,"column":67}},"58":{"start":{"line":170,"column":6},"end":{"line":170,"column":70}},"59":{"start":{"line":174,"column":22},"end":{"line":174,"column":85}},"60":{"start":{"line":176,"column":19},"end":{"line":183,"column":5}},"61":{"start":{"line":185,"column":4},"end":{"line":187,"column":5}},"62":{"start":{"line":186,"column":6},"end":{"line":186,"column":83}},"63":{"start":{"line":190,"column":23},"end":{"line":193,"column":5}},"64":{"start":{"line":194,"column":17},"end":{"line":194,"column":35}},"65":{"start":{"line":196,"column":4},"end":{"line":198,"column":5}},"66":{"start":{"line":197,"column":6},"end":{"line":197,"column":63}},"67":{"start":{"line":201,"column":24},"end":{"line":205,"column":5}},"68":{"start":{"line":207,"column":4},"end":{"line":207,"column":44}},"69":{"start":{"line":209,"column":4},"end":{"line":209,"column":14}},"70":{"start":{"line":213,"column":0},"end":{"line":230,"column":3}},"71":{"start":{"line":214,"column":2},"end":{"line":229,"column":3}},"72":{"start":{"line":215,"column":30},"end":{"line":215,"column":38}},"73":{"start":{"line":217,"column":4},"end":{"line":223,"column":5}},"74":{"start":{"line":218,"column":24},"end":{"line":218,"column":87}},"75":{"start":{"line":219,"column":6},"end":{"line":222,"column":8}},"76":{"start":{"line":225,"column":4},"end":{"line":225,"column":40}},"77":{"start":{"line":228,"column":4},"end":{"line":228,"column":14}},"78":{"start":{"line":232,"column":0},"end":{"line":232,"column":24}}},"fnMap":{"0":{"name":"(anonymous_0)","decl":{"start":{"line":32,"column":53},"end":{"line":32,"column":54}},"loc":{"start":{"line":32,"column":73},"end":{"line":83,"column":1}},"line":32},"1":{"name":"(anonymous_1)","decl":{"start":{"line":96,"column":47},"end":{"line":96,"column":48}},"loc":{"start":{"line":96,"column":67},"end":{"line":148,"column":1}},"line":96},"2":{"name":"(anonymous_2)","decl":{"start":{"line":157,"column":24},"end":{"line":157,"column":25}},"loc":{"start":{"line":157,"column":44},"end":{"line":211,"column":1}},"line":157},"3":{"name":"(anonymous_3)","decl":{"start":{"line":213,"column":29},"end":{"line":213,"column":30}},"loc":{"start":{"line":213,"column":49},"end":{"line":230,"column":1}},"line":213}},"branchMap":{"0":{"loc":{"start":{"line":46,"column":4},"end":{"line":50,"column":5}},"type":"if","locations":[{"start":{"line":46,"column":4},"end":{"line":50,"column":5}},{"start":{},"end":{}}],"line":46},"1":{"loc":{"start":{"line":59,"column":4},"end":{"line":71,"column":5}},"type":"if","locations":[{"start":{"line":59,"column":4},"end":{"line":71,"column":5}},{"start":{"line":65,"column":11},"end":{"line":71,"column":5}}],"line":59},"2":{"loc":{"start":{"line":65,"column":11},"end":{"line":71,"column":5}},"type":"if","locations":[{"start":{"line":65,"column":11},"end":{"line":71,"column":5}},{"start":{},"end":{}}],"line":65},"3":{"loc":{"start":{"line":77,"column":4},"end":{"line":77,"column":47}},"type":"if","locations":[{"start":{"line":77,"column":4},"end":{"line":77,"column":47}},{"start":{},"end":{}}],"line":77},"4":{"loc":{"start":{"line":81,"column":4},"end":{"line":81,"column":33}},"type":"if","locations":[{"start":{"line":81,"column":4},"end":{"line":81,"column":33}},{"start":{},"end":{}}],"line":81},"5":{"loc":{"start":{"line":107,"column":4},"end":{"line":109,"column":5}},"type":"if","locations":[{"start":{"line":107,"column":4},"end":{"line":109,"column":5}},{"start":{},"end":{}}],"line":107},"6":{"loc":{"start":{"line":113,"column":4},"end":{"line":115,"column":5}},"type":"if","locations":[{"start":{"line":113,"column":4},"end":{"line":115,"column":5}},{"start":{},"end":{}}],"line":113},"7":{"loc":{"start":{"line":161,"column":4},"end":{"line":163,"column":5}},"type":"if","locations":[{"start":{"line":161,"column":4},"end":{"line":163,"column":5}},{"start":{},"end":{}}],"line":161},"8":{"loc":{"start":{"line":185,"column":4},"end":{"line":187,"column":5}},"type":"if","locations":[{"start":{"line":185,"column":4},"end":{"line":187,"column":5}},{"start":{},"end":{}}],"line":185},"9":{"loc":{"start":{"line":196,"column":4},"end":{"line":198,"column":5}},"type":"if","locations":[{"start":{"line":196,"column":4},"end":{"line":198,"column":5}},{"start":{},"end":{}}],"line":196},"10":{"loc":{"start":{"line":217,"column":4},"end":{"line":223,"column":5}},"type":"if","locations":[{"start":{"line":217,"column":4},"end":{"line":223,"column":5}},{"start":{},"end":{}}],"line":217}},"s":{"0":1,"1":1,"2":1,"3":1,"4":1,"5":1,"6":1,"7":1,"8":1,"9":1,"10":1,"11":1,"12":0,"13":0,"14":0,"15":0,"16":0,"17":0,"18":0,"19":0,"20":0,"21":0,"22":0,"23":0,"24":0,"25":0,"26":0,"27":0,"28":0,"29":0,"30":0,"31":0,"32":0,"33":0,"34":1,"35":0,"36":0,"37":0,"38":0,"39":0,"40":0,"41":0,"42":0,"43":0,"44":0,"45":0,"46":0,"47":0,"48":0,"49":0,"50":0,"51":1,"52":0,"53":0,"54":0,"55":0,"56":0,"57":0,"58":0,"59":0,"60":0,"61":0,"62":0,"63":0,"64":0,"65":0,"66":0,"67":0,"68":0,"69":0,"70":1,"71":0,"72":0,"73":0,"74":0,"75":0,"76":0,"77":0,"78":1},"f":{"0":0,"1":0,"2":0,"3":0},"b":{"0":[0,0],"1":[0,0],"2":[0,0],"3":[0,0],"4":[0,0],"5":[0,0],"6":[0,0],"7":[0,0],"8":[0,0],"9":[0,0],"10":[0,0]},"_coverageSchema":"1a1c01bbd47fc00a2c39e90264f33305004495a9","hash":"bbae44ddfd86b8b6161fbccc2a54ddeb7ba9d6be"}
,"C:\\Users\\Tung\\Documents\\work\\be\\src\\routes\\cv.js": {"path":"C:\\Users\\Tung\\Documents\\work\\be\\src\\routes\\cv.js","statementMap":{"0":{"start":{"line":1,"column":11},"end":{"line":1,"column":24}},"1":{"start":{"line":2,"column":16},"end":{"line":2,"column":34}},"2":{"start":{"line":3,"column":15},"end":{"line":3,"column":31}},"3":{"start":{"line":5,"column":13},"end":{"line":5,"column":39}},"4":{"start":{"line":6,"column":13},"end":{"line":6,"column":42}},"5":{"start":{"line":7,"column":15},"end":{"line":7,"column":48}},"6":{"start":{"line":9,"column":0},"end":{"line":27,"column":3}},"7":{"start":{"line":10,"column":2},"end":{"line":26,"column":3}},"8":{"start":{"line":11,"column":19},"end":{"line":11,"column":30}},"9":{"start":{"line":12,"column":21},"end":{"line":12,"column":42}},"10":{"start":{"line":13,"column":21},"end":{"line":13,"column":34}},"11":{"start":{"line":15,"column":19},"end":{"line":20,"column":5}},"12":{"start":{"line":22,"column":4},"end":{"line":22,"column":29}},"13":{"start":{"line":24,"column":4},"end":{"line":24,"column":23}},"14":{"start":{"line":25,"column":4},"end":{"line":25,"column":41}},"15":{"start":{"line":29,"column":0},"end":{"line":44,"column":3}},"16":{"start":{"line":30,"column":4},"end":{"line":43,"column":5}},"17":{"start":{"line":31,"column":23},"end":{"line":31,"column":34}},"18":{"start":{"line":32,"column":23},"end":{"line":37,"column":9}},"19":{"start":{"line":39,"column":8},"end":{"line":39,"column":30}},"20":{"start":{"line":41,"column":8},"end":{"line":41,"column":27}},"21":{"start":{"line":42,"column":8},"end":{"line":42,"column":45}},"22":{"start":{"line":46,"column":0},"end":{"line":59,"column":3}},"23":{"start":{"line":47,"column":15},"end":{"line":47,"column":28}},"24":{"start":{"line":48,"column":17},"end":{"line":51,"column":3}},"25":{"start":{"line":53,"column":2},"end":{"line":55,"column":3}},"26":{"start":{"line":54,"column":4},"end":{"line":54,"column":48}},"27":{"start":{"line":57,"column":2},"end":{"line":57,"column":56}},"28":{"start":{"line":61,"column":0},"end":{"line":77,"column":3}},"29":{"start":{"line":62,"column":15},"end":{"line":62,"column":28}},"30":{"start":{"line":63,"column":19},"end":{"line":63,"column":40}},"31":{"start":{"line":64,"column":19},"end":{"line":64,"column":32}},"32":{"start":{"line":66,"column":17},"end":{"line":73,"column":3}},"33":{"start":{"line":75,"column":2},"end":{"line":75,"column":27}},"34":{"start":{"line":79,"column":0},"end":{"line":106,"column":3}},"35":{"start":{"line":80,"column":2},"end":{"line":105,"column":3}},"36":{"start":{"line":81,"column":17},"end":{"line":81,"column":30}},"37":{"start":{"line":82,"column":19},"end":{"line":85,"column":5}},"38":{"start":{"line":87,"column":4},"end":{"line":89,"column":5}},"39":{"start":{"line":88,"column":6},"end":{"line":88,"column":61}},"40":{"start":{"line":91,"column":21},"end":{"line":91,"column":45}},"41":{"start":{"line":92,"column":4},"end":{"line":94,"column":5}},"42":{"start":{"line":93,"column":6},"end":{"line":93,"column":30}},"43":{"start":{"line":96,"column":4},"end":{"line":99,"column":6}},"44":{"start":{"line":101,"column":4},"end":{"line":101,"column":40}},"45":{"start":{"line":103,"column":4},"end":{"line":103,"column":23}},"46":{"start":{"line":104,"column":4},"end":{"line":104,"column":41}},"47":{"start":{"line":108,"column":0},"end":{"line":108,"column":24}}},"fnMap":{"0":{"name":"(anonymous_0)","decl":{"start":{"line":9,"column":44},"end":{"line":9,"column":45}},"loc":{"start":{"line":9,"column":64},"end":{"line":27,"column":1}},"line":9},"1":{"name":"(anonymous_1)","decl":{"start":{"line":29,"column":22},"end":{"line":29,"column":23}},"loc":{"start":{"line":29,"column":42},"end":{"line":44,"column":1}},"line":29},"2":{"name":"(anonymous_2)","decl":{"start":{"line":46,"column":25},"end":{"line":46,"column":26}},"loc":{"start":{"line":46,"column":45},"end":{"line":59,"column":1}},"line":46},"3":{"name":"(anonymous_3)","decl":{"start":{"line":61,"column":46},"end":{"line":61,"column":47}},"loc":{"start":{"line":61,"column":66},"end":{"line":77,"column":1}},"line":61},"4":{"name":"(anonymous_4)","decl":{"start":{"line":79,"column":28},"end":{"line":79,"column":29}},"loc":{"start":{"line":79,"column":48},"end":{"line":106,"column":1}},"line":79}},"branchMap":{"0":{"loc":{"start":{"line":53,"column":2},"end":{"line":55,"column":3}},"type":"if","locations":[{"start":{"line":53,"column":2},"end":{"line":55,"column":3}},{"start":{},"end":{}}],"line":53},"1":{"loc":{"start":{"line":87,"column":4},"end":{"line":89,"column":5}},"type":"if","locations":[{"start":{"line":87,"column":4},"end":{"line":89,"column":5}},{"start":{},"end":{}}],"line":87},"2":{"loc":{"start":{"line":92,"column":4},"end":{"line":94,"column":5}},"type":"if","locations":[{"start":{"line":92,"column":4},"end":{"line":94,"column":5}},{"start":{},"end":{}}],"line":92}},"s":{"0":1,"1":1,"2":1,"3":1,"4":1,"5":1,"6":1,"7":0,"8":0,"9":0,"10":0,"11":0,"12":0,"13":0,"14":0,"15":1,"16":0,"17":0,"18":0,"19":0,"20":0,"21":0,"22":1,"23":0,"24":0,"25":0,"26":0,"27":0,"28":1,"29":0,"30":0,"31":0,"32":0,"33":0,"34":1,"35":0,"36":0,"37":0,"38":0,"39":0,"40":0,"41":0,"42":0,"43":0,"44":0,"45":0,"46":0,"47":1},"f":{"0":0,"1":0,"2":0,"3":0,"4":0},"b":{"0":[0,0],"1":[0,0],"2":[0,0]},"_coverageSchema":"1a1c01bbd47fc00a2c39e90264f33305004495a9","hash":"8ac6e0dec3e15f22e1c0e180ffac5475d7abfd70"}
,"C:\\Users\\Tung\\Documents\\work\\be\\src\\routes\\jobs.js": {"path":"C:\\Users\\Tung\\Documents\\work\\be\\src\\routes\\jobs.js","statementMap":{"0":{"start":{"line":1,"column":16},"end":{"line":1,"column":34}},"1":{"start":{"line":2,"column":13},"end":{"line":2,"column":39}},"2":{"start":{"line":3,"column":13},"end":{"line":3,"column":42}},"3":{"start":{"line":5,"column":15},"end":{"line":5,"column":31}},"4":{"start":{"line":7,"column":0},"end":{"line":25,"column":3}},"5":{"start":{"line":8,"column":2},"end":{"line":24,"column":3}},"6":{"start":{"line":9,"column":4},"end":{"line":11,"column":5}},"7":{"start":{"line":10,"column":6},"end":{"line":10,"column":60}},"8":{"start":{"line":13,"column":19},"end":{"line":18,"column":5}},"9":{"start":{"line":20,"column":4},"end":{"line":20,"column":26}},"10":{"start":{"line":22,"column":4},"end":{"line":22,"column":23}},"11":{"start":{"line":23,"column":4},"end":{"line":23,"column":54}},"12":{"start":{"line":27,"column":0},"end":{"line":101,"column":3}},"13":{"start":{"line":28,"column":2},"end":{"line":100,"column":3}},"14":{"start":{"line":29,"column":65},"end":{"line":29,"column":74}},"15":{"start":{"line":30,"column":17},"end":{"line":30,"column":46}},"16":{"start":{"line":31,"column":18},"end":{"line":31,"column":49}},"17":{"start":{"line":32,"column":19},"end":{"line":32,"column":37}},"18":{"start":{"line":33,"column":17},"end":{"line":33,"column":19}},"19":{"start":{"line":34,"column":16},"end":{"line":42,"column":5}},"20":{"start":{"line":44,"column":4},"end":{"line":49,"column":5}},"21":{"start":{"line":45,"column":6},"end":{"line":45,"column":26}},"22":{"start":{"line":46,"column":6},"end":{"line":48,"column":8}},"23":{"start":{"line":51,"column":4},"end":{"line":56,"column":5}},"24":{"start":{"line":52,"column":6},"end":{"line":52,"column":28}},"25":{"start":{"line":53,"column":6},"end":{"line":55,"column":8}},"26":{"start":{"line":58,"column":4},"end":{"line":63,"column":5}},"27":{"start":{"line":59,"column":6},"end":{"line":59,"column":28}},"28":{"start":{"line":60,"column":6},"end":{"line":62,"column":8}},"29":{"start":{"line":65,"column":4},"end":{"line":70,"column":5}},"30":{"start":{"line":66,"column":6},"end":{"line":66,"column":29}},"31":{"start":{"line":67,"column":6},"end":{"line":69,"column":8}},"32":{"start":{"line":72,"column":4},"end":{"line":77,"column":5}},"33":{"start":{"line":73,"column":6},"end":{"line":73,"column":29}},"34":{"start":{"line":74,"column":6},"end":{"line":76,"column":8}},"35":{"start":{"line":79,"column":4},"end":{"line":81,"column":6}},"36":{"start":{"line":83,"column":4},"end":{"line":83,"column":23}},"37":{"start":{"line":84,"column":4},"end":{"line":84,"column":40}},"38":{"start":{"line":86,"column":4},"end":{"line":86,"column":24}},"39":{"start":{"line":87,"column":4},"end":{"line":87,"column":41}},"40":{"start":{"line":89,"column":19},"end":{"line":89,"column":50}},"41":{"start":{"line":91,"column":4},"end":{"line":95,"column":7}},"42":{"start":{"line":98,"column":4},"end":{"line":98,"column":23}},"43":{"start":{"line":99,"column":4},"end":{"line":99,"column":54}},"44":{"start":{"line":103,"column":0},"end":{"line":160,"column":3}},"45":{"start":{"line":104,"column":2},"end":{"line":159,"column":3}},"46":{"start":{"line":106,"column":22},"end":{"line":112,"column":5}},"47":{"start":{"line":114,"column":4},"end":{"line":116,"column":5}},"48":{"start":{"line":115,"column":6},"end":{"line":115,"column":65}},"49":{"start":{"line":118,"column":17},"end":{"line":118,"column":34}},"50":{"start":{"line":120,"column":4},"end":{"line":122,"column":5}},"51":{"start":{"line":121,"column":6},"end":{"line":121,"column":80}},"52":{"start":{"line":124,"column":4},"end":{"line":126,"column":5}},"53":{"start":{"line":125,"column":6},"end":{"line":125,"column":71}},"54":{"start":{"line":128,"column":19},"end":{"line":152,"column":5}},"55":{"start":{"line":154,"column":4},"end":{"line":154,"column":29}},"56":{"start":{"line":157,"column":4},"end":{"line":157,"column":23}},"57":{"start":{"line":158,"column":4},"end":{"line":158,"column":54}},"58":{"start":{"line":162,"column":0},"end":{"line":220,"column":3}},"59":{"start":{"line":163,"column":2},"end":{"line":219,"column":3}},"60":{"start":{"line":164,"column":4},"end":{"line":166,"column":5}},"61":{"start":{"line":165,"column":6},"end":{"line":165,"column":60}},"62":{"start":{"line":168,"column":19},"end":{"line":168,"column":29}},"63":{"start":{"line":169,"column":16},"end":{"line":172,"column":5}},"64":{"start":{"line":174,"column":4},"end":{"line":176,"column":5}},"65":{"start":{"line":175,"column":6},"end":{"line":175,"column":64}},"66":{"start":{"line":178,"column":4},"end":{"line":180,"column":5}},"67":{"start":{"line":179,"column":6},"end":{"line":179,"column":68}},"68":{"start":{"line":182,"column":19},"end":{"line":212,"column":5}},"69":{"start":{"line":214,"column":4},"end":{"line":214,"column":29}},"70":{"start":{"line":217,"column":4},"end":{"line":217,"column":23}},"71":{"start":{"line":218,"column":4},"end":{"line":218,"column":54}},"72":{"start":{"line":223,"column":0},"end":{"line":255,"column":3}},"73":{"start":{"line":224,"column":2},"end":{"line":254,"column":3}},"74":{"start":{"line":225,"column":19},"end":{"line":225,"column":29}},"75":{"start":{"line":227,"column":19},"end":{"line":239,"column":5}},"76":{"start":{"line":241,"column":4},"end":{"line":243,"column":5}},"77":{"start":{"line":242,"column":6},"end":{"line":242,"column":68}},"78":{"start":{"line":245,"column":20},"end":{"line":245,"column":34}},"79":{"start":{"line":246,"column":4},"end":{"line":248,"column":5}},"80":{"start":{"line":247,"column":6},"end":{"line":247,"column":92}},"81":{"start":{"line":250,"column":4},"end":{"line":250,"column":22}},"82":{"start":{"line":252,"column":4},"end":{"line":252,"column":23}},"83":{"start":{"line":253,"column":4},"end":{"line":253,"column":54}},"84":{"start":{"line":257,"column":0},"end":{"line":257,"column":23}}},"fnMap":{"0":{"name":"(anonymous_0)","decl":{"start":{"line":7,"column":24},"end":{"line":7,"column":25}},"loc":{"start":{"line":7,"column":44},"end":{"line":25,"column":1}},"line":7},"1":{"name":"(anonymous_1)","decl":{"start":{"line":27,"column":16},"end":{"line":27,"column":17}},"loc":{"start":{"line":27,"column":36},"end":{"line":101,"column":1}},"line":27},"2":{"name":"(anonymous_2)","decl":{"start":{"line":103,"column":23},"end":{"line":103,"column":24}},"loc":{"start":{"line":103,"column":43},"end":{"line":160,"column":1}},"line":103},"3":{"name":"(anonymous_3)","decl":{"start":{"line":162,"column":25},"end":{"line":162,"column":26}},"loc":{"start":{"line":162,"column":45},"end":{"line":220,"column":1}},"line":162},"4":{"name":"(anonymous_4)","decl":{"start":{"line":223,"column":32},"end":{"line":223,"column":33}},"loc":{"start":{"line":223,"column":52},"end":{"line":255,"column":1}},"line":223}},"branchMap":{"0":{"loc":{"start":{"line":9,"column":4},"end":{"line":11,"column":5}},"type":"if","locations":[{"start":{"line":9,"column":4},"end":{"line":11,"column":5}},{"start":{},"end":{}}],"line":9},"1":{"loc":{"start":{"line":30,"column":17},"end":{"line":30,"column":46}},"type":"binary-expr","locations":[{"start":{"line":30,"column":17},"end":{"line":30,"column":41}},{"start":{"line":30,"column":45},"end":{"line":30,"column":46}}],"line":30},"2":{"loc":{"start":{"line":31,"column":18},"end":{"line":31,"column":49}},"type":"binary-expr","locations":[{"start":{"line":31,"column":18},"end":{"line":31,"column":43}},{"start":{"line":31,"column":47},"end":{"line":31,"column":49}}],"line":31},"3":{"loc":{"start":{"line":36,"column":8},"end":{"line":36,"column":79}},"type":"cond-expr","locations":[{"start":{"line":36,"column":17},"end":{"line":36,"column":73}},{"start":{"line":36,"column":76},"end":{"line":36,"column":79}}],"line":36},"4":{"loc":{"start":{"line":44,"column":4},"end":{"line":49,"column":5}},"type":"if","locations":[{"start":{"line":44,"column":4},"end":{"line":49,"column":5}},{"start":{},"end":{}}],"line":44},"5":{"loc":{"start":{"line":44,"column":8},"end":{"line":44,"column":31}},"type":"binary-expr","locations":[{"start":{"line":44,"column":8},"end":{"line":44,"column":14}},{"start":{"line":44,"column":18},"end":{"line":44,"column":31}}],"line":44},"6":{"loc":{"start":{"line":51,"column":4},"end":{"line":56,"column":5}},"type":"if","locations":[{"start":{"line":51,"column":4},"end":{"line":56,"column":5}},{"start":{},"end":{}}],"line":51},"7":{"loc":{"start":{"line":58,"column":4},"end":{"line":63,"column":5}},"type":"if","locations":[{"start":{"line":58,"column":4},"end":{"line":63,"column":5}},{"start":{},"end":{}}],"line":58},"8":{"loc":{"start":{"line":65,"column":4},"end":{"line":70,"column":5}},"type":"if","locations":[{"start":{"line":65,"column":4},"end":{"line":70,"column":5}},{"start":{},"end":{}}],"line":65},"9":{"loc":{"start":{"line":72,"column":4},"end":{"line":77,"column":5}},"type":"if","locations":[{"start":{"line":72,"column":4},"end":{"line":77,"column":5}},{"start":{},"end":{}}],"line":72},"10":{"loc":{"start":{"line":114,"column":4},"end":{"line":116,"column":5}},"type":"if","locations":[{"start":{"line":114,"column":4},"end":{"line":116,"column":5}},{"start":{},"end":{}}],"line":114},"11":{"loc":{"start":{"line":120,"column":4},"end":{"line":122,"column":5}},"type":"if","locations":[{"start":{"line":120,"column":4},"end":{"line":122,"column":5}},{"start":{},"end":{}}],"line":120},"12":{"loc":{"start":{"line":124,"column":4},"end":{"line":126,"column":5}},"type":"if","locations":[{"start":{"line":124,"column":4},"end":{"line":126,"column":5}},{"start":{},"end":{}}],"line":124},"13":{"loc":{"start":{"line":164,"column":4},"end":{"line":166,"column":5}},"type":"if","locations":[{"start":{"line":164,"column":4},"end":{"line":166,"column":5}},{"start":{},"end":{}}],"line":164},"14":{"loc":{"start":{"line":174,"column":4},"end":{"line":176,"column":5}},"type":"if","locations":[{"start":{"line":174,"column":4},"end":{"line":176,"column":5}},{"start":{},"end":{}}],"line":174},"15":{"loc":{"start":{"line":178,"column":4},"end":{"line":180,"column":5}},"type":"if","locations":[{"start":{"line":178,"column":4},"end":{"line":180,"column":5}},{"start":{},"end":{}}],"line":178},"16":{"loc":{"start":{"line":199,"column":8},"end":{"line":199,"column":30}},"type":"binary-expr","locations":[{"start":{"line":199,"column":8},"end":{"line":199,"column":22}},{"start":{"line":199,"column":26},"end":{"line":199,"column":30}}],"line":199},"17":{"loc":{"start":{"line":200,"column":8},"end":{"line":200,"column":36}},"type":"binary-expr","locations":[{"start":{"line":200,"column":8},"end":{"line":200,"column":28}},{"start":{"line":200,"column":32},"end":{"line":200,"column":36}}],"line":200},"18":{"loc":{"start":{"line":201,"column":8},"end":{"line":201,"column":41}},"type":"binary-expr","locations":[{"start":{"line":201,"column":8},"end":{"line":201,"column":33}},{"start":{"line":201,"column":37},"end":{"line":201,"column":41}}],"line":201},"19":{"loc":{"start":{"line":202,"column":8},"end":{"line":202,"column":48}},"type":"binary-expr","locations":[{"start":{"line":202,"column":8},"end":{"line":202,"column":40}},{"start":{"line":202,"column":44},"end":{"line":202,"column":48}}],"line":202},"20":{"loc":{"start":{"line":203,"column":8},"end":{"line":203,"column":35}},"type":"binary-expr","locations":[{"start":{"line":203,"column":8},"end":{"line":203,"column":27}},{"start":{"line":203,"column":31},"end":{"line":203,"column":35}}],"line":203},"21":{"loc":{"start":{"line":204,"column":8},"end":{"line":204,"column":35}},"type":"binary-expr","locations":[{"start":{"line":204,"column":8},"end":{"line":204,"column":27}},{"start":{"line":204,"column":31},"end":{"line":204,"column":35}}],"line":204},"22":{"loc":{"start":{"line":205,"column":8},"end":{"line":205,"column":33}},"type":"binary-expr","locations":[{"start":{"line":205,"column":8},"end":{"line":205,"column":25}},{"start":{"line":205,"column":29},"end":{"line":205,"column":33}}],"line":205},"23":{"loc":{"start":{"line":206,"column":8},"end":{"line":206,"column":33}},"type":"binary-expr","locations":[{"start":{"line":206,"column":8},"end":{"line":206,"column":25}},{"start":{"line":206,"column":29},"end":{"line":206,"column":33}}],"line":206},"24":{"loc":{"start":{"line":207,"column":8},"end":{"line":207,"column":33}},"type":"binary-expr","locations":[{"start":{"line":207,"column":8},"end":{"line":207,"column":25}},{"start":{"line":207,"column":29},"end":{"line":207,"column":33}}],"line":207},"25":{"loc":{"start":{"line":208,"column":8},"end":{"line":208,"column":40}},"type":"binary-expr","locations":[{"start":{"line":208,"column":8},"end":{"line":208,"column":32}},{"start":{"line":208,"column":36},"end":{"line":208,"column":40}}],"line":208},"26":{"loc":{"start":{"line":209,"column":8},"end":{"line":209,"column":45}},"type":"binary-expr","locations":[{"start":{"line":209,"column":8},"end":{"line":209,"column":37}},{"start":{"line":209,"column":41},"end":{"line":209,"column":45}}],"line":209},"27":{"loc":{"start":{"line":241,"column":4},"end":{"line":243,"column":5}},"type":"if","locations":[{"start":{"line":241,"column":4},"end":{"line":243,"column":5}},{"start":{},"end":{}}],"line":241},"28":{"loc":{"start":{"line":246,"column":4},"end":{"line":248,"column":5}},"type":"if","locations":[{"start":{"line":246,"column":4},"end":{"line":248,"column":5}},{"start":{},"end":{}}],"line":246}},"s":{"0":1,"1":1,"2":1,"3":1,"4":1,"5":0,"6":0,"7":0,"8":0,"9":0,"10":0,"11":0,"12":1,"13":0,"14":0,"15":0,"16":0,"17":0,"18":0,"19":0,"20":0,"21":0,"22":0,"23":0,"24":0,"25":0,"26":0,"27":0,"28":0,"29":0,"30":0,"31":0,"32":0,"33":0,"34":0,"35":0,"36":0,"37":0,"38":0,"39":0,"40":0,"41":0,"42":0,"43":0,"44":1,"45":0,"46":0,"47":0,"48":0,"49":0,"50":0,"51":0,"52":0,"53":0,"54":0,"55":0,"56":0,"57":0,"58":1,"59":0,"60":0,"61":0,"62":0,"63":0,"64":0,"65":0,"66":0,"67":0,"68":0,"69":0,"70":0,"71":0,"72":1,"73":0,"74":0,"75":0,"76":0,"77":0,"78":0,"79":0,"80":0,"81":0,"82":0,"83":0,"84":1},"f":{"0":0,"1":0,"2":0,"3":0,"4":0},"b":{"0":[0,0],"1":[0,0],"2":[0,0],"3":[0,0],"4":[0,0],"5":[0,0],"6":[0,0],"7":[0,0],"8":[0,0],"9":[0,0],"10":[0,0],"11":[0,0],"12":[0,0],"13":[0,0],"14":[0,0],"15":[0,0],"16":[0,0],"17":[0,0],"18":[0,0],"19":[0,0],"20":[0,0],"21":[0,0],"22":[0,0],"23":[0,0],"24":[0,0],"25":[0,0],"26":[0,0],"27":[0,0],"28":[0,0]},"_coverageSchema":"1a1c01bbd47fc00a2c39e90264f33305004495a9","hash":"dd2cb54be323b6cdbdcee1692906201fc8b22dac"}
,"C:\\Users\\Tung\\Documents\\work\\be\\src\\routes\\profiles.js": {"path":"C:\\Users\\Tung\\Documents\\work\\be\\src\\routes\\profiles.js","statementMap":{"0":{"start":{"line":1,"column":16},"end":{"line":1,"column":34}},"1":{"start":{"line":2,"column":15},"end":{"line":2,"column":31}},"2":{"start":{"line":4,"column":13},"end":{"line":4,"column":39}},"3":{"start":{"line":5,"column":13},"end":{"line":5,"column":42}},"4":{"start":{"line":6,"column":27},"end":{"line":6,"column":70}},"5":{"start":{"line":7,"column":19},"end":{"line":7,"column":54}},"6":{"start":{"line":11,"column":0},"end":{"line":22,"column":3}},"7":{"start":{"line":12,"column":2},"end":{"line":21,"column":3}},"8":{"start":{"line":13,"column":19},"end":{"line":16,"column":5}},"9":{"start":{"line":17,"column":4},"end":{"line":17,"column":35}},"10":{"start":{"line":19,"column":4},"end":{"line":19,"column":23}},"11":{"start":{"line":20,"column":4},"end":{"line":20,"column":41}},"12":{"start":{"line":24,"column":0},"end":{"line":42,"column":3}},"13":{"start":{"line":25,"column":2},"end":{"line":41,"column":3}},"14":{"start":{"line":26,"column":19},"end":{"line":26,"column":30}},"15":{"start":{"line":27,"column":19},"end":{"line":35,"column":5}},"16":{"start":{"line":37,"column":4},"end":{"line":37,"column":29}},"17":{"start":{"line":39,"column":4},"end":{"line":39,"column":23}},"18":{"start":{"line":40,"column":4},"end":{"line":40,"column":41}},"19":{"start":{"line":45,"column":0},"end":{"line":71,"column":3}},"20":{"start":{"line":46,"column":2},"end":{"line":70,"column":3}},"21":{"start":{"line":47,"column":22},"end":{"line":47,"column":35}},"22":{"start":{"line":49,"column":6},"end":{"line":49,"column":82}},"23":{"start":{"line":51,"column":4},"end":{"line":53,"column":5}},"24":{"start":{"line":52,"column":6},"end":{"line":52,"column":66}},"25":{"start":{"line":55,"column":19},"end":{"line":60,"column":5}},"26":{"start":{"line":62,"column":4},"end":{"line":64,"column":5}},"27":{"start":{"line":63,"column":6},"end":{"line":63,"column":66}},"28":{"start":{"line":66,"column":4},"end":{"line":66,"column":29}},"29":{"start":{"line":68,"column":4},"end":{"line":68,"column":23}},"30":{"start":{"line":69,"column":4},"end":{"line":69,"column":41}},"31":{"start":{"line":74,"column":0},"end":{"line":94,"column":3}},"32":{"start":{"line":75,"column":2},"end":{"line":93,"column":3}},"33":{"start":{"line":76,"column":19},"end":{"line":76,"column":29}},"34":{"start":{"line":77,"column":19},"end":{"line":81,"column":5}},"35":{"start":{"line":82,"column":4},"end":{"line":84,"column":5}},"36":{"start":{"line":83,"column":6},"end":{"line":83,"column":68}},"37":{"start":{"line":85,"column":20},"end":{"line":85,"column":34}},"38":{"start":{"line":86,"column":4},"end":{"line":88,"column":5}},"39":{"start":{"line":87,"column":6},"end":{"line":87,"column":83}},"40":{"start":{"line":89,"column":4},"end":{"line":89,"column":22}},"41":{"start":{"line":91,"column":4},"end":{"line":91,"column":23}},"42":{"start":{"line":92,"column":4},"end":{"line":92,"column":54}},"43":{"start":{"line":96,"column":0},"end":{"line":121,"column":3}},"44":{"start":{"line":97,"column":2},"end":{"line":120,"column":3}},"45":{"start":{"line":98,"column":53},"end":{"line":98,"column":61}},"46":{"start":{"line":99,"column":4},"end":{"line":99,"column":28}},"47":{"start":{"line":100,"column":19},"end":{"line":109,"column":5}},"48":{"start":{"line":111,"column":4},"end":{"line":113,"column":5}},"49":{"start":{"line":112,"column":6},"end":{"line":112,"column":66}},"50":{"start":{"line":115,"column":4},"end":{"line":115,"column":29}},"51":{"start":{"line":118,"column":4},"end":{"line":118,"column":23}},"52":{"start":{"line":119,"column":4},"end":{"line":119,"column":41}},"53":{"start":{"line":123,"column":0},"end":{"line":137,"column":3}},"54":{"start":{"line":124,"column":2},"end":{"line":136,"column":3}},"55":{"start":{"line":125,"column":20},"end":{"line":125,"column":57}},"56":{"start":{"line":127,"column":4},"end":{"line":130,"column":6}},"57":{"start":{"line":132,"column":4},"end":{"line":132,"column":26}},"58":{"start":{"line":134,"column":4},"end":{"line":134,"column":21}},"59":{"start":{"line":135,"column":4},"end":{"line":135,"column":41}},"60":{"start":{"line":139,"column":0},"end":{"line":184,"column":2}},"61":{"start":{"line":141,"column":4},"end":{"line":182,"column":5}},"62":{"start":{"line":142,"column":20},"end":{"line":142,"column":29}},"63":{"start":{"line":144,"column":6},"end":{"line":146,"column":7}},"64":{"start":{"line":145,"column":8},"end":{"line":145,"column":68}},"65":{"start":{"line":148,"column":6},"end":{"line":150,"column":7}},"66":{"start":{"line":149,"column":8},"end":{"line":149,"column":77}},"67":{"start":{"line":152,"column":22},"end":{"line":155,"column":7}},"68":{"start":{"line":157,"column":6},"end":{"line":159,"column":7}},"69":{"start":{"line":158,"column":8},"end":{"line":158,"column":68}},"70":{"start":{"line":161,"column":24},"end":{"line":161,"column":42}},"71":{"start":{"line":162,"column":27},"end":{"line":162,"column":29}},"72":{"start":{"line":164,"column":6},"end":{"line":176,"column":7}},"73":{"start":{"line":165,"column":25},"end":{"line":165,"column":70}},"74":{"start":{"line":167,"column":23},"end":{"line":173,"column":9}},"75":{"start":{"line":175,"column":8},"end":{"line":175,"column":42}},"76":{"start":{"line":178,"column":6},"end":{"line":178,"column":29}},"77":{"start":{"line":180,"column":6},"end":{"line":180,"column":25}},"78":{"start":{"line":181,"column":6},"end":{"line":181,"column":43}},"79":{"start":{"line":186,"column":0},"end":{"line":197,"column":3}},"80":{"start":{"line":187,"column":2},"end":{"line":196,"column":3}},"81":{"start":{"line":188,"column":19},"end":{"line":191,"column":5}},"82":{"start":{"line":192,"column":4},"end":{"line":192,"column":35}},"83":{"start":{"line":194,"column":4},"end":{"line":194,"column":23}},"84":{"start":{"line":195,"column":4},"end":{"line":195,"column":41}},"85":{"start":{"line":199,"column":0},"end":{"line":199,"column":25}}},"fnMap":{"0":{"name":"(anonymous_0)","decl":{"start":{"line":11,"column":33},"end":{"line":11,"column":34}},"loc":{"start":{"line":11,"column":53},"end":{"line":22,"column":1}},"line":11},"1":{"name":"(anonymous_1)","decl":{"start":{"line":24,"column":33},"end":{"line":24,"column":34}},"loc":{"start":{"line":24,"column":53},"end":{"line":42,"column":1}},"line":24},"2":{"name":"(anonymous_2)","decl":{"start":{"line":45,"column":30},"end":{"line":45,"column":31}},"loc":{"start":{"line":45,"column":50},"end":{"line":71,"column":1}},"line":45},"3":{"name":"(anonymous_3)","decl":{"start":{"line":74,"column":29},"end":{"line":74,"column":30}},"loc":{"start":{"line":74,"column":49},"end":{"line":94,"column":1}},"line":74},"4":{"name":"(anonymous_4)","decl":{"start":{"line":96,"column":31},"end":{"line":96,"column":32}},"loc":{"start":{"line":96,"column":51},"end":{"line":121,"column":1}},"line":96},"5":{"name":"(anonymous_5)","decl":{"start":{"line":123,"column":63},"end":{"line":123,"column":64}},"loc":{"start":{"line":123,"column":83},"end":{"line":137,"column":1}},"line":123},"6":{"name":"(anonymous_6)","decl":{"start":{"line":140,"column":2},"end":{"line":140,"column":3}},"loc":{"start":{"line":140,"column":22},"end":{"line":183,"column":3}},"line":140},"7":{"name":"(anonymous_7)","decl":{"start":{"line":186,"column":31},"end":{"line":186,"column":32}},"loc":{"start":{"line":186,"column":51},"end":{"line":197,"column":1}},"line":186}},"branchMap":{"0":{"loc":{"start":{"line":17,"column":13},"end":{"line":17,"column":33}},"type":"binary-expr","locations":[{"start":{"line":17,"column":13},"end":{"line":17,"column":27}},{"start":{"line":17,"column":31},"end":{"line":17,"column":33}}],"line":17},"1":{"loc":{"start":{"line":51,"column":4},"end":{"line":53,"column":5}},"type":"if","locations":[{"start":{"line":51,"column":4},"end":{"line":53,"column":5}},{"start":{},"end":{}}],"line":51},"2":{"loc":{"start":{"line":62,"column":4},"end":{"line":64,"column":5}},"type":"if","locations":[{"start":{"line":62,"column":4},"end":{"line":64,"column":5}},{"start":{},"end":{}}],"line":62},"3":{"loc":{"start":{"line":82,"column":4},"end":{"line":84,"column":5}},"type":"if","locations":[{"start":{"line":82,"column":4},"end":{"line":84,"column":5}},{"start":{},"end":{}}],"line":82},"4":{"loc":{"start":{"line":86,"column":4},"end":{"line":88,"column":5}},"type":"if","locations":[{"start":{"line":86,"column":4},"end":{"line":88,"column":5}},{"start":{},"end":{}}],"line":86},"5":{"loc":{"start":{"line":111,"column":4},"end":{"line":113,"column":5}},"type":"if","locations":[{"start":{"line":111,"column":4},"end":{"line":113,"column":5}},{"start":{},"end":{}}],"line":111},"6":{"loc":{"start":{"line":144,"column":6},"end":{"line":146,"column":7}},"type":"if","locations":[{"start":{"line":144,"column":6},"end":{"line":146,"column":7}},{"start":{},"end":{}}],"line":144},"7":{"loc":{"start":{"line":144,"column":10},"end":{"line":144,"column":38}},"type":"binary-expr","locations":[{"start":{"line":144,"column":10},"end":{"line":144,"column":16}},{"start":{"line":144,"column":20},"end":{"line":144,"column":38}}],"line":144},"8":{"loc":{"start":{"line":148,"column":6},"end":{"line":150,"column":7}},"type":"if","locations":[{"start":{"line":148,"column":6},"end":{"line":150,"column":7}},{"start":{},"end":{}}],"line":148},"9":{"loc":{"start":{"line":157,"column":6},"end":{"line":159,"column":7}},"type":"if","locations":[{"start":{"line":157,"column":6},"end":{"line":159,"column":7}},{"start":{},"end":{}}],"line":157},"10":{"loc":{"start":{"line":192,"column":13},"end":{"line":192,"column":33}},"type":"binary-expr","locations":[{"start":{"line":192,"column":13},"end":{"line":192,"column":27}},{"start":{"line":192,"column":31},"end":{"line":192,"column":33}}],"line":192}},"s":{"0":1,"1":1,"2":1,"3":1,"4":1,"5":1,"6":1,"7":0,"8":0,"9":0,"10":0,"11":0,"12":1,"13":0,"14":0,"15":0,"16":0,"17":0,"18":0,"19":1,"20":0,"21":0,"22":0,"23":0,"24":0,"25":0,"26":0,"27":0,"28":0,"29":0,"30":0,"31":1,"32":0,"33":0,"34":0,"35":0,"36":0,"37":0,"38":0,"39":0,"40":0,"41":0,"42":0,"43":1,"44":0,"45":0,"46":0,"47":0,"48":0,"49":0,"50":0,"51":0,"52":0,"53":1,"54":0,"55":0,"56":0,"57":0,"58":0,"59":0,"60":1,"61":0,"62":0,"63":0,"64":0,"65":0,"66":0,"67":0,"68":0,"69":0,"70":0,"71":0,"72":0,"73":0,"74":0,"75":0,"76":0,"77":0,"78":0,"79":1,"80":0,"81":0,"82":0,"83":0,"84":0,"85":1},"f":{"0":0,"1":0,"2":0,"3":0,"4":0,"5":0,"6":0,"7":0},"b":{"0":[0,0],"1":[0,0],"2":[0,0],"3":[0,0],"4":[0,0],"5":[0,0],"6":[0,0],"7":[0,0],"8":[0,0],"9":[0,0],"10":[0,0]},"_coverageSchema":"1a1c01bbd47fc00a2c39e90264f33305004495a9","hash":"8821fe24a111a7b587ebffcce95a4d5f7a944709"}
,"C:\\Users\\Tung\\Documents\\work\\be\\src\\routes\\ranking.js": {"path":"C:\\Users\\Tung\\Documents\\work\\be\\src\\routes\\ranking.js","statementMap":{"0":{"start":{"line":1,"column":16},"end":{"line":1,"column":34}},"1":{"start":{"line":2,"column":13},"end":{"line":2,"column":39}},"2":{"start":{"line":3,"column":13},"end":{"line":3,"column":42}},"3":{"start":{"line":4,"column":18},"end":{"line":4,"column":42}},"4":{"start":{"line":5,"column":13},"end":{"line":5,"column":28}},"5":{"start":{"line":7,"column":15},"end":{"line":7,"column":31}},"6":{"start":{"line":10,"column":2},"end":{"line":26,"column":5}},"7":{"start":{"line":11,"column":20},"end":{"line":11,"column":69}},"8":{"start":{"line":13,"column":19},"end":{"line":13,"column":92}},"9":{"start":{"line":14,"column":15},"end":{"line":17,"column":6}},"10":{"start":{"line":18,"column":17},"end":{"line":18,"column":19}},"11":{"start":{"line":18,"column":30},"end":{"line":18,"column":32}},"12":{"start":{"line":19,"column":4},"end":{"line":19,"column":61}},"13":{"start":{"line":19,"column":34},"end":{"line":19,"column":57}},"14":{"start":{"line":20,"column":4},"end":{"line":20,"column":61}},"15":{"start":{"line":20,"column":34},"end":{"line":20,"column":57}},"16":{"start":{"line":21,"column":4},"end":{"line":25,"column":7}},"17":{"start":{"line":22,"column":6},"end":{"line":22,"column":74}},"18":{"start":{"line":22,"column":22},"end":{"line":22,"column":74}},"19":{"start":{"line":23,"column":6},"end":{"line":24,"column":65}},"20":{"start":{"line":23,"column":12},"end":{"line":23,"column":40}},"21":{"start":{"line":24,"column":18},"end":{"line":24,"column":63}},"22":{"start":{"line":31,"column":2},"end":{"line":54,"column":5}},"23":{"start":{"line":32,"column":20},"end":{"line":32,"column":40}},"24":{"start":{"line":33,"column":15},"end":{"line":36,"column":6}},"25":{"start":{"line":38,"column":17},"end":{"line":38,"column":19}},"26":{"start":{"line":39,"column":17},"end":{"line":39,"column":19}},"27":{"start":{"line":41,"column":4},"end":{"line":41,"column":61}},"28":{"start":{"line":41,"column":34},"end":{"line":41,"column":57}},"29":{"start":{"line":42,"column":4},"end":{"line":42,"column":61}},"30":{"start":{"line":42,"column":34},"end":{"line":42,"column":57}},"31":{"start":{"line":44,"column":4},"end":{"line":53,"column":7}},"32":{"start":{"line":45,"column":6},"end":{"line":47,"column":7}},"33":{"start":{"line":46,"column":8},"end":{"line":46,"column":60}},"34":{"start":{"line":48,"column":6},"end":{"line":52,"column":7}},"35":{"start":{"line":49,"column":8},"end":{"line":49,"column":36}},"36":{"start":{"line":51,"column":8},"end":{"line":51,"column":58}},"37":{"start":{"line":58,"column":0},"end":{"line":118,"column":3}},"38":{"start":{"line":59,"column":2},"end":{"line":117,"column":3}},"39":{"start":{"line":60,"column":4},"end":{"line":60,"column":34}},"40":{"start":{"line":61,"column":4},"end":{"line":63,"column":5}},"41":{"start":{"line":62,"column":6},"end":{"line":62,"column":60}},"42":{"start":{"line":65,"column":23},"end":{"line":65,"column":33}},"43":{"start":{"line":68,"column":22},"end":{"line":71,"column":5}},"44":{"start":{"line":72,"column":4},"end":{"line":74,"column":5}},"45":{"start":{"line":73,"column":6},"end":{"line":73,"column":64}},"46":{"start":{"line":75,"column":16},"end":{"line":75,"column":33}},"47":{"start":{"line":78,"column":22},"end":{"line":85,"column":5}},"48":{"start":{"line":87,"column":4},"end":{"line":87,"column":57}},"49":{"start":{"line":87,"column":37},"end":{"line":87,"column":57}},"50":{"start":{"line":89,"column":23},"end":{"line":89,"column":37}},"51":{"start":{"line":90,"column":20},"end":{"line":92,"column":5}},"52":{"start":{"line":91,"column":6},"end":{"line":91,"column":52}},"53":{"start":{"line":95,"column":20},"end":{"line":98,"column":32}},"54":{"start":{"line":101,"column":26},"end":{"line":104,"column":8}},"55":{"start":{"line":101,"column":71},"end":{"line":104,"column":5}},"56":{"start":{"line":107,"column":19},"end":{"line":110,"column":6}},"57":{"start":{"line":112,"column":4},"end":{"line":112,"column":23}},"58":{"start":{"line":113,"column":4},"end":{"line":113,"column":21}},"59":{"start":{"line":115,"column":4},"end":{"line":115,"column":23}},"60":{"start":{"line":116,"column":4},"end":{"line":116,"column":51}},"61":{"start":{"line":120,"column":0},"end":{"line":120,"column":24}}},"fnMap":{"0":{"name":"parseCVs","decl":{"start":{"line":9,"column":9},"end":{"line":9,"column":17}},"loc":{"start":{"line":9,"column":39},"end":{"line":27,"column":1}},"line":9},"1":{"name":"(anonymous_1)","decl":{"start":{"line":10,"column":21},"end":{"line":10,"column":22}},"loc":{"start":{"line":10,"column":42},"end":{"line":26,"column":3}},"line":10},"2":{"name":"(anonymous_2)","decl":{"start":{"line":19,"column":25},"end":{"line":19,"column":26}},"loc":{"start":{"line":19,"column":32},"end":{"line":19,"column":59}},"line":19},"3":{"name":"(anonymous_3)","decl":{"start":{"line":20,"column":25},"end":{"line":20,"column":26}},"loc":{"start":{"line":20,"column":32},"end":{"line":20,"column":59}},"line":20},"4":{"name":"(anonymous_4)","decl":{"start":{"line":21,"column":19},"end":{"line":21,"column":20}},"loc":{"start":{"line":21,"column":29},"end":{"line":25,"column":5}},"line":21},"5":{"name":"callDaemon","decl":{"start":{"line":30,"column":9},"end":{"line":30,"column":19}},"loc":{"start":{"line":30,"column":26},"end":{"line":55,"column":1}},"line":30},"6":{"name":"(anonymous_6)","decl":{"start":{"line":31,"column":21},"end":{"line":31,"column":22}},"loc":{"start":{"line":31,"column":42},"end":{"line":54,"column":3}},"line":31},"7":{"name":"(anonymous_7)","decl":{"start":{"line":41,"column":25},"end":{"line":41,"column":26}},"loc":{"start":{"line":41,"column":32},"end":{"line":41,"column":59}},"line":41},"8":{"name":"(anonymous_8)","decl":{"start":{"line":42,"column":25},"end":{"line":42,"column":26}},"loc":{"start":{"line":42,"column":32},"end":{"line":42,"column":59}},"line":42},"9":{"name":"(anonymous_9)","decl":{"start":{"line":44,"column":19},"end":{"line":44,"column":20}},"loc":{"start":{"line":44,"column":29},"end":{"line":53,"column":5}},"line":44},"10":{"name":"(anonymous_10)","decl":{"start":{"line":58,"column":29},"end":{"line":58,"column":30}},"loc":{"start":{"line":58,"column":49},"end":{"line":118,"column":1}},"line":58},"11":{"name":"(anonymous_11)","decl":{"start":{"line":90,"column":35},"end":{"line":90,"column":36}},"loc":{"start":{"line":91,"column":6},"end":{"line":91,"column":52}},"line":91},"12":{"name":"(anonymous_12)","decl":{"start":{"line":101,"column":65},"end":{"line":101,"column":66}},"loc":{"start":{"line":101,"column":71},"end":{"line":104,"column":5}},"line":101}},"branchMap":{"0":{"loc":{"start":{"line":22,"column":6},"end":{"line":22,"column":74}},"type":"if","locations":[{"start":{"line":22,"column":6},"end":{"line":22,"column":74}},{"start":{},"end":{}}],"line":22},"1":{"loc":{"start":{"line":45,"column":6},"end":{"line":47,"column":7}},"type":"if","locations":[{"start":{"line":45,"column":6},"end":{"line":47,"column":7}},{"start":{},"end":{}}],"line":45},"2":{"loc":{"start":{"line":61,"column":4},"end":{"line":63,"column":5}},"type":"if","locations":[{"start":{"line":61,"column":4},"end":{"line":63,"column":5}},{"start":{},"end":{}}],"line":61},"3":{"loc":{"start":{"line":72,"column":4},"end":{"line":74,"column":5}},"type":"if","locations":[{"start":{"line":72,"column":4},"end":{"line":74,"column":5}},{"start":{},"end":{}}],"line":72},"4":{"loc":{"start":{"line":87,"column":4},"end":{"line":87,"column":57}},"type":"if","locations":[{"start":{"line":87,"column":4},"end":{"line":87,"column":57}},{"start":{},"end":{}}],"line":87},"5":{"loc":{"start":{"line":91,"column":6},"end":{"line":91,"column":52}},"type":"cond-expr","locations":[{"start":{"line":91,"column":17},"end":{"line":91,"column":45}},{"start":{"line":91,"column":48},"end":{"line":91,"column":52}}],"line":91}},"s":{"0":1,"1":1,"2":1,"3":1,"4":1,"5":1,"6":0,"7":0,"8":0,"9":0,"10":0,"11":0,"12":0,"13":0,"14":0,"15":0,"16":0,"17":0,"18":0,"19":0,"20":0,"21":0,"22":0,"23":0,"24":0,"25":0,"26":0,"27":0,"28":0,"29":0,"30":0,"31":0,"32":0,"33":0,"34":0,"35":0,"36":0,"37":1,"38":0,"39":0,"40":0,"41":0,"42":0,"43":0,"44":0,"45":0,"46":0,"47":0,"48":0,"49":0,"50":0,"51":0,"52":0,"53":0,"54":0,"55":0,"56":0,"57":0,"58":0,"59":0,"60":0,"61":1},"f":{"0":0,"1":0,"2":0,"3":0,"4":0,"5":0,"6":0,"7":0,"8":0,"9":0,"10":0,"11":0,"12":0},"b":{"0":[0,0],"1":[0,0],"2":[0,0],"3":[0,0],"4":[0,0],"5":[0,0]},"_coverageSchema":"1a1c01bbd47fc00a2c39e90264f33305004495a9","hash":"baaedacee9aa17c1bafd1fef617ff852a0224058"}
,"C:\\Users\\Tung\\Documents\\work\\be\\src\\utils\\jwt.js": {"path":"C:\\Users\\Tung\\Documents\\work\\be\\src\\utils\\jwt.js","statementMap":{"0":{"start":{"line":1,"column":27},"end":{"line":1,"column":50}},"1":{"start":{"line":4,"column":27},"end":{"line":14,"column":1}},"2":{"start":{"line":5,"column":16},"end":{"line":10,"column":3}},"3":{"start":{"line":11,"column":16},"end":{"line":11,"column":32}},"4":{"start":{"line":12,"column":16},"end":{"line":12,"column":32}},"5":{"start":{"line":13,"column":2},"end":{"line":13,"column":35}},"6":{"start":{"line":16,"column":0},"end":{"line":16,"column":40}}},"fnMap":{"0":{"name":"(anonymous_0)","decl":{"start":{"line":4,"column":27},"end":{"line":4,"column":28}},"loc":{"start":{"line":4,"column":39},"end":{"line":14,"column":1}},"line":4}},"branchMap":{},"s":{"0":1,"1":1,"2":0,"3":0,"4":0,"5":0,"6":1},"f":{"0":0},"b":{},"_coverageSchema":"1a1c01bbd47fc00a2c39e90264f33305004495a9","hash":"2f0837736cf96c95b8b24f20f5b1028f3201ae9f"}
,"C:\\Users\\Tung\\Documents\\work\\be\\src\\utils\\sanitize.js": {"path":"C:\\Users\\Tung\\Documents\\work\\be\\src\\utils\\sanitize.js","statementMap":{"0":{"start":{"line":1,"column":23},"end":{"line":10,"column":1}},"1":{"start":{"line":2,"column":4},"end":{"line":4,"column":5}},"2":{"start":{"line":3,"column":8},"end":{"line":3,"column":19}},"3":{"start":{"line":6,"column":4},"end":{"line":9,"column":34}},"4":{"start":{"line":12,"column":28},"end":{"line":33,"column":1}},"5":{"start":{"line":13,"column":4},"end":{"line":13,"column":55}},"6":{"start":{"line":13,"column":43},"end":{"line":13,"column":55}},"7":{"start":{"line":15,"column":18},"end":{"line":15,"column":20}},"8":{"start":{"line":18,"column":4},"end":{"line":30,"column":5}},"9":{"start":{"line":19,"column":8},"end":{"line":29,"column":9}},"10":{"start":{"line":20,"column":12},"end":{"line":20,"column":47}},"11":{"start":{"line":21,"column":15},"end":{"line":29,"column":9}},"12":{"start":{"line":22,"column":12},"end":{"line":24,"column":15}},"13":{"start":{"line":23,"column":16},"end":{"line":23,"column":100}},"14":{"start":{"line":25,"column":15},"end":{"line":29,"column":9}},"15":{"start":{"line":26,"column":12},"end":{"line":26,"column":52}},"16":{"start":{"line":28,"column":12},"end":{"line":28,"column":31}},"17":{"start":{"line":32,"column":4},"end":{"line":32,"column":17}},"18":{"start":{"line":36,"column":14},"end":{"line":52,"column":1}},"19":{"start":{"line":37,"column":4},"end":{"line":39,"column":5}},"20":{"start":{"line":38,"column":8},"end":{"line":38,"column":20}},"21":{"start":{"line":41,"column":17},"end":{"line":41,"column":28}},"22":{"start":{"line":43,"column":4},"end":{"line":49,"column":7}},"23":{"start":{"line":44,"column":8},"end":{"line":48,"column":9}},"24":{"start":{"line":47,"column":12},"end":{"line":47,"column":30}},"25":{"start":{"line":51,"column":4},"end":{"line":51,"column":16}},"26":{"start":{"line":54,"column":0},"end":{"line":54,"column":64}}},"fnMap":{"0":{"name":"(anonymous_0)","decl":{"start":{"line":1,"column":23},"end":{"line":1,"column":24}},"loc":{"start":{"line":1,"column":32},"end":{"line":10,"column":1}},"line":1},"1":{"name":"(anonymous_1)","decl":{"start":{"line":12,"column":28},"end":{"line":12,"column":29}},"loc":{"start":{"line":12,"column":38},"end":{"line":33,"column":1}},"line":12},"2":{"name":"(anonymous_2)","decl":{"start":{"line":22,"column":35},"end":{"line":22,"column":36}},"loc":{"start":{"line":22,"column":45},"end":{"line":24,"column":13}},"line":22},"3":{"name":"(anonymous_3)","decl":{"start":{"line":36,"column":14},"end":{"line":36,"column":15}},"loc":{"start":{"line":36,"column":24},"end":{"line":52,"column":1}},"line":36},"4":{"name":"(anonymous_4)","decl":{"start":{"line":43,"column":30},"end":{"line":43,"column":31}},"loc":{"start":{"line":43,"column":39},"end":{"line":49,"column":5}},"line":43}},"branchMap":{"0":{"loc":{"start":{"line":2,"column":4},"end":{"line":4,"column":5}},"type":"if","locations":[{"start":{"line":2,"column":4},"end":{"line":4,"column":5}},{"start":{},"end":{}}],"line":2},"1":{"loc":{"start":{"line":13,"column":4},"end":{"line":13,"column":55}},"type":"if","locations":[{"start":{"line":13,"column":4},"end":{"line":13,"column":55}},{"start":{},"end":{}}],"line":13},"2":{"loc":{"start":{"line":13,"column":8},"end":{"line":13,"column":41}},"type":"binary-expr","locations":[{"start":{"line":13,"column":8},"end":{"line":13,"column":13}},{"start":{"line":13,"column":17},"end":{"line":13,"column":41}}],"line":13},"3":{"loc":{"start":{"line":19,"column":8},"end":{"line":29,"column":9}},"type":"if","locations":[{"start":{"line":19,"column":8},"end":{"line":29,"column":9}},{"start":{"line":21,"column":15},"end":{"line":29,"column":9}}],"line":19},"4":{"loc":{"start":{"line":21,"column":15},"end":{"line":29,"column":9}},"type":"if","locations":[{"start":{"line":21,"column":15},"end":{"line":29,"column":9}},{"start":{"line":25,"column":15},"end":{"line":29,"column":9}}],"line":21},"5":{"loc":{"start":{"line":23,"column":23},"end":{"line":23,"column":100}},"type":"cond-expr","locations":[{"start":{"line":23,"column":52},"end":{"line":23,"column":72}},{"start":{"line":23,"column":75},"end":{"line":23,"column":100}}],"line":23},"6":{"loc":{"start":{"line":25,"column":15},"end":{"line":29,"column":9}},"type":"if","locations":[{"start":{"line":25,"column":15},"end":{"line":29,"column":9}},{"start":{"line":27,"column":15},"end":{"line":29,"column":9}}],"line":25},"7":{"loc":{"start":{"line":25,"column":19},"end":{"line":25,"column":62}},"type":"binary-expr","locations":[{"start":{"line":25,"column":19},"end":{"line":25,"column":44}},{"start":{"line":25,"column":48},"end":{"line":25,"column":62}}],"line":25},"8":{"loc":{"start":{"line":37,"column":4},"end":{"line":39,"column":5}},"type":"if","locations":[{"start":{"line":37,"column":4},"end":{"line":39,"column":5}},{"start":{},"end":{}}],"line":37},"9":{"loc":{"start":{"line":44,"column":8},"end":{"line":48,"column":9}},"type":"if","locations":[{"start":{"line":44,"column":8},"end":{"line":48,"column":9}},{"start":{},"end":{}}],"line":44},"10":{"loc":{"start":{"line":44,"column":12},"end":{"line":46,"column":48}},"type":"binary-expr","locations":[{"start":{"line":44,"column":12},"end":{"line":44,"column":47}},{"start":{"line":45,"column":12},"end":{"line":45,"column":50}},{"start":{"line":46,"column":12},"end":{"line":46,"column":48}}],"line":44}},"s":{"0":2,"1":14,"2":3,"3":11,"4":2,"5":8,"6":3,"7":5,"8":5,"9":7,"10":3,"11":4,"12":1,"13":2,"14":3,"15":1,"16":2,"17":5,"18":2,"19":6,"20":1,"21":5,"22":5,"23":9,"24":7,"25":5,"26":2},"f":{"0":14,"1":8,"2":2,"3":6,"4":9},"b":{"0":[3,11],"1":[3,5],"2":[8,6],"3":[3,4],"4":[1,3],"5":[2,0],"6":[1,2],"7":[3,1],"8":[1,5],"9":[7,2],"10":[9,6,3]},"_coverageSchema":"1a1c01bbd47fc00a2c39e90264f33305004495a9","hash":"0afea3b23b0d80595dcb0d3cd62ad578f571108a"}
,"C:\\Users\\Tung\\Documents\\work\\be\\src\\utils\\validate.js": {"path":"C:\\Users\\Tung\\Documents\\work\\be\\src\\utils\\validate.js","statementMap":{"0":{"start":{"line":1,"column":12},"end":{"line":1,"column":26}},"1":{"start":{"line":3,"column":17},"end":{"line":10,"column":1}},"2":{"start":{"line":3,"column":29},"end":{"line":10,"column":1}},"3":{"start":{"line":4,"column":20},"end":{"line":4,"column":68}},"4":{"start":{"line":5,"column":2},"end":{"line":8,"column":3}},"5":{"start":{"line":6,"column":21},"end":{"line":6,"column":56}},"6":{"start":{"line":6,"column":46},"end":{"line":6,"column":55}},"7":{"start":{"line":7,"column":4},"end":{"line":7,"column":70}},"8":{"start":{"line":9,"column":2},"end":{"line":9,"column":9}},"9":{"start":{"line":12,"column":26},"end":{"line":25,"column":1}},"10":{"start":{"line":27,"column":16},"end":{"line":39,"column":1}},"11":{"start":{"line":41,"column":0},"end":{"line":41,"column":39}}},"fnMap":{"0":{"name":"(anonymous_0)","decl":{"start":{"line":3,"column":17},"end":{"line":3,"column":18}},"loc":{"start":{"line":3,"column":29},"end":{"line":10,"column":1}},"line":3},"1":{"name":"(anonymous_1)","decl":{"start":{"line":3,"column":29},"end":{"line":3,"column":30}},"loc":{"start":{"line":3,"column":49},"end":{"line":10,"column":1}},"line":3},"2":{"name":"(anonymous_2)","decl":{"start":{"line":6,"column":39},"end":{"line":6,"column":40}},"loc":{"start":{"line":6,"column":46},"end":{"line":6,"column":55}},"line":6}},"branchMap":{"0":{"loc":{"start":{"line":5,"column":2},"end":{"line":8,"column":3}},"type":"if","locations":[{"start":{"line":5,"column":2},"end":{"line":8,"column":3}},{"start":{},"end":{}}],"line":5}},"s":{"0":2,"1":2,"2":4,"3":2,"4":2,"5":1,"6":2,"7":1,"8":1,"9":2,"10":2,"11":2},"f":{"0":4,"1":2,"2":2},"b":{"0":[1,1]},"_coverageSchema":"1a1c01bbd47fc00a2c39e90264f33305004495a9","hash":"6b89f22e2bcc8d67054775235ff2446941a5f049"}
,"C:\\Users\\Tung\\Documents\\work\\be\\src\\utils\\log\\httpLogger.js": {"path":"C:\\Users\\Tung\\Documents\\work\\be\\src\\utils\\log\\httpLogger.js","statementMap":{"0":{"start":{"line":1,"column":15},"end":{"line":1,"column":34}},"1":{"start":{"line":2,"column":18},"end":{"line":2,"column":40}},"2":{"start":{"line":4,"column":19},"end":{"line":38,"column":1}},"3":{"start":{"line":5,"column":18},"end":{"line":5,"column":28}},"4":{"start":{"line":8,"column":25},"end":{"line":8,"column":43}},"5":{"start":{"line":10,"column":4},"end":{"line":13,"column":6}},"6":{"start":{"line":11,"column":8},"end":{"line":11,"column":28}},"7":{"start":{"line":12,"column":8},"end":{"line":12,"column":34}},"8":{"start":{"line":15,"column":4},"end":{"line":35,"column":7}},"9":{"start":{"line":16,"column":25},"end":{"line":16,"column":43}},"10":{"start":{"line":17,"column":21},"end":{"line":26,"column":9}},"11":{"start":{"line":28,"column":8},"end":{"line":28,"column":42}},"12":{"start":{"line":30,"column":8},"end":{"line":34,"column":9}},"13":{"start":{"line":31,"column":12},"end":{"line":31,"column":52}},"14":{"start":{"line":32,"column":15},"end":{"line":34,"column":9}},"15":{"start":{"line":33,"column":12},"end":{"line":33,"column":51}},"16":{"start":{"line":37,"column":4},"end":{"line":37,"column":11}},"17":{"start":{"line":40,"column":0},"end":{"line":40,"column":28}}},"fnMap":{"0":{"name":"(anonymous_0)","decl":{"start":{"line":4,"column":19},"end":{"line":4,"column":20}},"loc":{"start":{"line":4,"column":39},"end":{"line":38,"column":1}},"line":4},"1":{"name":"(anonymous_1)","decl":{"start":{"line":10,"column":15},"end":{"line":10,"column":16}},"loc":{"start":{"line":10,"column":25},"end":{"line":13,"column":5}},"line":10},"2":{"name":"(anonymous_2)","decl":{"start":{"line":15,"column":21},"end":{"line":15,"column":22}},"loc":{"start":{"line":15,"column":27},"end":{"line":35,"column":5}},"line":15}},"branchMap":{"0":{"loc":{"start":{"line":30,"column":8},"end":{"line":34,"column":9}},"type":"if","locations":[{"start":{"line":30,"column":8},"end":{"line":34,"column":9}},{"start":{"line":32,"column":15},"end":{"line":34,"column":9}}],"line":30},"1":{"loc":{"start":{"line":32,"column":15},"end":{"line":34,"column":9}},"type":"if","locations":[{"start":{"line":32,"column":15},"end":{"line":34,"column":9}},{"start":{},"end":{}}],"line":32}},"s":{"0":1,"1":1,"2":1,"3":0,"4":0,"5":0,"6":0,"7":0,"8":0,"9":0,"10":0,"11":0,"12":0,"13":0,"14":0,"15":0,"16":0,"17":1},"f":{"0":0,"1":0,"2":0},"b":{"0":[0,0],"1":[0,0]},"_coverageSchema":"1a1c01bbd47fc00a2c39e90264f33305004495a9","hash":"26f58b77d8728a4ec71cbe0fddba1cc3b7627ecf"}
,"C:\\Users\\Tung\\Documents\\work\\be\\src\\utils\\log\\logger.js": {"path":"C:\\Users\\Tung\\Documents\\work\\be\\src\\utils\\log\\logger.js","statementMap":{"0":{"start":{"line":2,"column":19},"end":{"line":2,"column":44}},"1":{"start":{"line":3,"column":15},"end":{"line":3,"column":56}},"2":{"start":{"line":5,"column":0},"end":{"line":7,"column":3}},"3":{"start":{"line":6,"column":2},"end":{"line":6,"column":55}},"4":{"start":{"line":9,"column":0},"end":{"line":13,"column":3}},"5":{"start":{"line":10,"column":2},"end":{"line":12,"column":3}},"6":{"start":{"line":11,"column":4},"end":{"line":11,"column":60}},"7":{"start":{"line":15,"column":15},"end":{"line":19,"column":1}},"8":{"start":{"line":16,"column":28},"end":{"line":16,"column":81}},"9":{"start":{"line":17,"column":28},"end":{"line":17,"column":81}},"10":{"start":{"line":18,"column":28},"end":{"line":18,"column":81}},"11":{"start":{"line":21,"column":0},"end":{"line":21,"column":24}}},"fnMap":{"0":{"name":"(anonymous_0)","decl":{"start":{"line":5,"column":19},"end":{"line":5,"column":20}},"loc":{"start":{"line":5,"column":28},"end":{"line":7,"column":1}},"line":5},"1":{"name":"(anonymous_1)","decl":{"start":{"line":9,"column":18},"end":{"line":9,"column":19}},"loc":{"start":{"line":9,"column":28},"end":{"line":13,"column":1}},"line":9},"2":{"name":"(anonymous_2)","decl":{"start":{"line":16,"column":9},"end":{"line":16,"column":10}},"loc":{"start":{"line":16,"column":28},"end":{"line":16,"column":81}},"line":16},"3":{"name":"(anonymous_3)","decl":{"start":{"line":17,"column":9},"end":{"line":17,"column":10}},"loc":{"start":{"line":17,"column":28},"end":{"line":17,"column":81}},"line":17},"4":{"name":"(anonymous_4)","decl":{"start":{"line":18,"column":9},"end":{"line":18,"column":10}},"loc":{"start":{"line":18,"column":28},"end":{"line":18,"column":81}},"line":18}},"branchMap":{"0":{"loc":{"start":{"line":10,"column":2},"end":{"line":12,"column":3}},"type":"if","locations":[{"start":{"line":10,"column":2},"end":{"line":12,"column":3}},{"start":{},"end":{}}],"line":10}},"s":{"0":1,"1":1,"2":1,"3":1,"4":1,"5":1,"6":1,"7":1,"8":0,"9":0,"10":45,"11":1},"f":{"0":1,"1":1,"2":0,"3":0,"4":45},"b":{"0":[1,0]},"_coverageSchema":"1a1c01bbd47fc00a2c39e90264f33305004495a9","hash":"26bacce191711002a670f6a81bef5a1239748b63"}
}
