{"C:\\Users\\Tung\\Documents\\work\\be\\utils\\sanitize.js": {"path":"C:\\Users\\Tung\\Documents\\work\\be\\utils\\sanitize.js","statementMap":{"0":{"start":{"line":1,"column":23},"end":{"line":10,"column":1}},"1":{"start":{"line":2,"column":4},"end":{"line":4,"column":5}},"2":{"start":{"line":3,"column":8},"end":{"line":3,"column":19}},"3":{"start":{"line":6,"column":4},"end":{"line":9,"column":34}},"4":{"start":{"line":12,"column":28},"end":{"line":33,"column":1}},"5":{"start":{"line":13,"column":4},"end":{"line":13,"column":55}},"6":{"start":{"line":13,"column":43},"end":{"line":13,"column":55}},"7":{"start":{"line":15,"column":18},"end":{"line":15,"column":20}},"8":{"start":{"line":18,"column":4},"end":{"line":30,"column":5}},"9":{"start":{"line":19,"column":8},"end":{"line":29,"column":9}},"10":{"start":{"line":20,"column":12},"end":{"line":20,"column":47}},"11":{"start":{"line":21,"column":15},"end":{"line":29,"column":9}},"12":{"start":{"line":22,"column":12},"end":{"line":24,"column":15}},"13":{"start":{"line":23,"column":16},"end":{"line":23,"column":100}},"14":{"start":{"line":25,"column":15},"end":{"line":29,"column":9}},"15":{"start":{"line":26,"column":12},"end":{"line":26,"column":52}},"16":{"start":{"line":28,"column":12},"end":{"line":28,"column":31}},"17":{"start":{"line":32,"column":4},"end":{"line":32,"column":17}},"18":{"start":{"line":36,"column":14},"end":{"line":52,"column":1}},"19":{"start":{"line":37,"column":4},"end":{"line":39,"column":5}},"20":{"start":{"line":38,"column":8},"end":{"line":38,"column":20}},"21":{"start":{"line":41,"column":17},"end":{"line":41,"column":28}},"22":{"start":{"line":43,"column":4},"end":{"line":49,"column":7}},"23":{"start":{"line":44,"column":8},"end":{"line":48,"column":9}},"24":{"start":{"line":47,"column":12},"end":{"line":47,"column":30}},"25":{"start":{"line":51,"column":4},"end":{"line":51,"column":16}},"26":{"start":{"line":54,"column":0},"end":{"line":54,"column":64}}},"fnMap":{"0":{"name":"(anonymous_0)","decl":{"start":{"line":1,"column":23},"end":{"line":1,"column":24}},"loc":{"start":{"line":1,"column":32},"end":{"line":10,"column":1}},"line":1},"1":{"name":"(anonymous_1)","decl":{"start":{"line":12,"column":28},"end":{"line":12,"column":29}},"loc":{"start":{"line":12,"column":38},"end":{"line":33,"column":1}},"line":12},"2":{"name":"(anonymous_2)","decl":{"start":{"line":22,"column":35},"end":{"line":22,"column":36}},"loc":{"start":{"line":22,"column":45},"end":{"line":24,"column":13}},"line":22},"3":{"name":"(anonymous_3)","decl":{"start":{"line":36,"column":14},"end":{"line":36,"column":15}},"loc":{"start":{"line":36,"column":24},"end":{"line":52,"column":1}},"line":36},"4":{"name":"(anonymous_4)","decl":{"start":{"line":43,"column":30},"end":{"line":43,"column":31}},"loc":{"start":{"line":43,"column":39},"end":{"line":49,"column":5}},"line":43}},"branchMap":{"0":{"loc":{"start":{"line":2,"column":4},"end":{"line":4,"column":5}},"type":"if","locations":[{"start":{"line":2,"column":4},"end":{"line":4,"column":5}},{"start":{},"end":{}}],"line":2},"1":{"loc":{"start":{"line":13,"column":4},"end":{"line":13,"column":55}},"type":"if","locations":[{"start":{"line":13,"column":4},"end":{"line":13,"column":55}},{"start":{},"end":{}}],"line":13},"2":{"loc":{"start":{"line":13,"column":8},"end":{"line":13,"column":41}},"type":"binary-expr","locations":[{"start":{"line":13,"column":8},"end":{"line":13,"column":13}},{"start":{"line":13,"column":17},"end":{"line":13,"column":41}}],"line":13},"3":{"loc":{"start":{"line":19,"column":8},"end":{"line":29,"column":9}},"type":"if","locations":[{"start":{"line":19,"column":8},"end":{"line":29,"column":9}},{"start":{"line":21,"column":15},"end":{"line":29,"column":9}}],"line":19},"4":{"loc":{"start":{"line":21,"column":15},"end":{"line":29,"column":9}},"type":"if","locations":[{"start":{"line":21,"column":15},"end":{"line":29,"column":9}},{"start":{"line":25,"column":15},"end":{"line":29,"column":9}}],"line":21},"5":{"loc":{"start":{"line":23,"column":23},"end":{"line":23,"column":100}},"type":"cond-expr","locations":[{"start":{"line":23,"column":52},"end":{"line":23,"column":72}},{"start":{"line":23,"column":75},"end":{"line":23,"column":100}}],"line":23},"6":{"loc":{"start":{"line":25,"column":15},"end":{"line":29,"column":9}},"type":"if","locations":[{"start":{"line":25,"column":15},"end":{"line":29,"column":9}},{"start":{"line":27,"column":15},"end":{"line":29,"column":9}}],"line":25},"7":{"loc":{"start":{"line":25,"column":19},"end":{"line":25,"column":62}},"type":"binary-expr","locations":[{"start":{"line":25,"column":19},"end":{"line":25,"column":44}},{"start":{"line":25,"column":48},"end":{"line":25,"column":62}}],"line":25},"8":{"loc":{"start":{"line":37,"column":4},"end":{"line":39,"column":5}},"type":"if","locations":[{"start":{"line":37,"column":4},"end":{"line":39,"column":5}},{"start":{},"end":{}}],"line":37},"9":{"loc":{"start":{"line":44,"column":8},"end":{"line":48,"column":9}},"type":"if","locations":[{"start":{"line":44,"column":8},"end":{"line":48,"column":9}},{"start":{},"end":{}}],"line":44},"10":{"loc":{"start":{"line":44,"column":12},"end":{"line":46,"column":48}},"type":"binary-expr","locations":[{"start":{"line":44,"column":12},"end":{"line":44,"column":47}},{"start":{"line":45,"column":12},"end":{"line":45,"column":50}},{"start":{"line":46,"column":12},"end":{"line":46,"column":48}}],"line":44}},"s":{"0":1,"1":14,"2":3,"3":11,"4":1,"5":8,"6":3,"7":5,"8":5,"9":7,"10":3,"11":4,"12":1,"13":2,"14":3,"15":1,"16":2,"17":5,"18":1,"19":6,"20":1,"21":5,"22":5,"23":9,"24":7,"25":5,"26":1},"f":{"0":14,"1":8,"2":2,"3":6,"4":9},"b":{"0":[3,11],"1":[3,5],"2":[8,6],"3":[3,4],"4":[1,3],"5":[2,0],"6":[1,2],"7":[3,1],"8":[1,5],"9":[7,2],"10":[9,6,3]},"_coverageSchema":"1a1c01bbd47fc00a2c39e90264f33305004495a9","hash":"9fb3fe5dfe563d7c9897b4a872be6e309ed04b75"}
,"C:\\Users\\Tung\\Documents\\work\\be\\utils\\validate.js": {"path":"C:\\Users\\Tung\\Documents\\work\\be\\utils\\validate.js","statementMap":{"0":{"start":{"line":1,"column":12},"end":{"line":1,"column":26}},"1":{"start":{"line":3,"column":17},"end":{"line":10,"column":1}},"2":{"start":{"line":3,"column":29},"end":{"line":10,"column":1}},"3":{"start":{"line":4,"column":20},"end":{"line":4,"column":68}},"4":{"start":{"line":5,"column":2},"end":{"line":8,"column":3}},"5":{"start":{"line":6,"column":21},"end":{"line":6,"column":56}},"6":{"start":{"line":6,"column":46},"end":{"line":6,"column":55}},"7":{"start":{"line":7,"column":4},"end":{"line":7,"column":70}},"8":{"start":{"line":9,"column":2},"end":{"line":9,"column":9}},"9":{"start":{"line":12,"column":26},"end":{"line":24,"column":1}},"10":{"start":{"line":26,"column":16},"end":{"line":37,"column":1}},"11":{"start":{"line":39,"column":0},"end":{"line":39,"column":39}}},"fnMap":{"0":{"name":"(anonymous_0)","decl":{"start":{"line":3,"column":17},"end":{"line":3,"column":18}},"loc":{"start":{"line":3,"column":29},"end":{"line":10,"column":1}},"line":3},"1":{"name":"(anonymous_1)","decl":{"start":{"line":3,"column":29},"end":{"line":3,"column":30}},"loc":{"start":{"line":3,"column":49},"end":{"line":10,"column":1}},"line":3},"2":{"name":"(anonymous_2)","decl":{"start":{"line":6,"column":39},"end":{"line":6,"column":40}},"loc":{"start":{"line":6,"column":46},"end":{"line":6,"column":55}},"line":6}},"branchMap":{"0":{"loc":{"start":{"line":5,"column":2},"end":{"line":8,"column":3}},"type":"if","locations":[{"start":{"line":5,"column":2},"end":{"line":8,"column":3}},{"start":{},"end":{}}],"line":5}},"s":{"0":1,"1":1,"2":2,"3":2,"4":2,"5":1,"6":2,"7":1,"8":1,"9":1,"10":1,"11":1},"f":{"0":2,"1":2,"2":2},"b":{"0":[1,1]},"_coverageSchema":"1a1c01bbd47fc00a2c39e90264f33305004495a9","hash":"23f4efaf0a6389e39e795b8250331c4594086690"}
}
