TN:
SF:utils\sanitize.js
FN:1,(anonymous_0)
FN:12,(anonymous_1)
FN:22,(anonymous_2)
FN:36,(anonymous_3)
FN:43,(anonymous_4)
FNF:5
FNH:5
FNDA:14,(anonymous_0)
FNDA:8,(anonymous_1)
FNDA:2,(anonymous_2)
FNDA:6,(anonymous_3)
FNDA:9,(anonymous_4)
DA:1,1
DA:2,14
DA:3,3
DA:6,11
DA:12,1
DA:13,8
DA:15,5
DA:18,5
DA:19,7
DA:20,3
DA:21,4
DA:22,1
DA:23,2
DA:25,3
DA:26,1
DA:28,2
DA:32,5
DA:36,1
DA:37,6
DA:38,1
DA:41,5
DA:43,5
DA:44,9
DA:47,7
DA:51,5
DA:54,1
LF:26
LH:26
BRDA:2,0,0,3
BRDA:2,0,1,11
BRDA:13,1,0,3
BRDA:13,1,1,5
BRDA:13,2,0,8
BRDA:13,2,1,6
BRDA:19,3,0,3
BRDA:19,3,1,4
BRDA:21,4,0,1
BRDA:21,4,1,3
BRDA:23,5,0,2
BRDA:23,5,1,0
BRDA:25,6,0,1
BRDA:25,6,1,2
BRDA:25,7,0,3
BRDA:25,7,1,1
BRDA:37,8,0,1
BRDA:37,8,1,5
BRDA:44,9,0,7
BRDA:44,9,1,2
BRDA:44,10,0,9
BRDA:44,10,1,6
BRDA:44,10,2,3
BRF:23
BRH:22
end_of_record
TN:
SF:utils\validate.js
FN:3,(anonymous_0)
FN:3,(anonymous_1)
FN:6,(anonymous_2)
FNF:3
FNH:3
FNDA:2,(anonymous_0)
FNDA:2,(anonymous_1)
FNDA:2,(anonymous_2)
DA:1,1
DA:3,2
DA:4,2
DA:5,2
DA:6,2
DA:7,1
DA:9,1
DA:12,1
DA:26,1
DA:39,1
LF:10
LH:10
BRDA:5,0,0,1
BRDA:5,0,1,1
BRF:2
BRH:2
end_of_record
